running egg_info
writing ../../build/f1tenth_research/f1tenth_research.egg-info/PKG-INFO
writing dependency_links to ../../build/f1tenth_research/f1tenth_research.egg-info/dependency_links.txt
writing entry points to ../../build/f1tenth_research/f1tenth_research.egg-info/entry_points.txt
writing requirements to ../../build/f1tenth_research/f1tenth_research.egg-info/requires.txt
writing top-level names to ../../build/f1tenth_research/f1tenth_research.egg-info/top_level.txt
reading manifest file '../../build/f1tenth_research/f1tenth_research.egg-info/SOURCES.txt'
writing manifest file '../../build/f1tenth_research/f1tenth_research.egg-info/SOURCES.txt'
running build
running build_py
copying f1tenth_research/recorder_node.py -> /research_ws/build/f1tenth_research/build/lib/f1tenth_research
copying f1tenth_research/il_driver.py -> /research_ws/build/f1tenth_research/build/lib/f1tenth_research
running install
running install_lib
copying /research_ws/build/f1tenth_research/build/lib/f1tenth_research/recorder_node.py -> /research_ws/install/f1tenth_research/lib/python3.8/site-packages/f1tenth_research
copying /research_ws/build/f1tenth_research/build/lib/f1tenth_research/il_driver.py -> /research_ws/install/f1tenth_research/lib/python3.8/site-packages/f1tenth_research
byte-compiling /research_ws/install/f1tenth_research/lib/python3.8/site-packages/f1tenth_research/recorder_node.py to recorder_node.cpython-38.pyc
byte-compiling /research_ws/install/f1tenth_research/lib/python3.8/site-packages/f1tenth_research/il_driver.py to il_driver.cpython-38.pyc
running install_data
running install_egg_info
removing '/research_ws/install/f1tenth_research/lib/python3.8/site-packages/f1tenth_research-0.0.0-py3.8.egg-info' (and everything under it)
Copying ../../build/f1tenth_research/f1tenth_research.egg-info to /research_ws/install/f1tenth_research/lib/python3.8/site-packages/f1tenth_research-0.0.0-py3.8.egg-info
running install_scripts
Installing il_driver script to /research_ws/install/f1tenth_research/lib/f1tenth_research
Installing pure_pursuit script to /research_ws/install/f1tenth_research/lib/f1tenth_research
Installing recorder script to /research_ws/install/f1tenth_research/lib/f1tenth_research
Installing teleop script to /research_ws/install/f1tenth_research/lib/f1tenth_research
writing list of installed files to '/research_ws/build/f1tenth_research/install.log'
