[1.519s] Invoking command in '/research_ws/src/f1tenth_research': PYTHONPATH=/research_ws/build/f1tenth_research/prefix_override:/research_ws/install/f1tenth_research/lib/python3.8/site-packages:${PYTHONPATH} /usr/bin/python3 setup.py egg_info --egg-base ../../build/f1tenth_research build --build-base /research_ws/build/f1tenth_research/build install --record /research_ws/build/f1tenth_research/install.log --install-scripts $base/lib/f1tenth_research --single-version-externally-managed
[1.961s] running egg_info
[1.963s] writing ../../build/f1tenth_research/f1tenth_research.egg-info/PKG-INFO
[1.963s] writing dependency_links to ../../build/f1tenth_research/f1tenth_research.egg-info/dependency_links.txt
[1.965s] writing entry points to ../../build/f1tenth_research/f1tenth_research.egg-info/entry_points.txt
[1.966s] writing requirements to ../../build/f1tenth_research/f1tenth_research.egg-info/requires.txt
[1.966s] writing top-level names to ../../build/f1tenth_research/f1tenth_research.egg-info/top_level.txt
[2.024s] reading manifest file '../../build/f1tenth_research/f1tenth_research.egg-info/SOURCES.txt'
[2.024s] writing manifest file '../../build/f1tenth_research/f1tenth_research.egg-info/SOURCES.txt'
[2.024s] running build
[2.024s] running build_py
[2.024s] copying f1tenth_research/teleop_node.py -> /research_ws/build/f1tenth_research/build/lib/f1tenth_research
[2.025s] running install
[2.028s] running install_lib
[2.028s] copying /research_ws/build/f1tenth_research/build/lib/f1tenth_research/teleop_node.py -> /research_ws/install/f1tenth_research/lib/python3.8/site-packages/f1tenth_research
[2.029s] byte-compiling /research_ws/install/f1tenth_research/lib/python3.8/site-packages/f1tenth_research/teleop_node.py to teleop_node.cpython-38.pyc
[2.031s] running install_data
[2.032s] running install_egg_info
[2.037s] removing '/research_ws/install/f1tenth_research/lib/python3.8/site-packages/f1tenth_research-0.0.0-py3.8.egg-info' (and everything under it)
[2.037s] Sorry: TabError: inconsistent use of tabs and spaces in indentation (teleop_node.py, line 46)
[2.037s] Copying ../../build/f1tenth_research/f1tenth_research.egg-info to /research_ws/install/f1tenth_research/lib/python3.8/site-packages/f1tenth_research-0.0.0-py3.8.egg-info
[2.037s] running install_scripts
[2.069s] Installing teleop script to /research_ws/install/f1tenth_research/lib/f1tenth_research
[2.069s] writing list of installed files to '/research_ws/build/f1tenth_research/install.log'
[2.123s] Invoked command in '/research_ws/src/f1tenth_research' returned '0': PYTHONPATH=/research_ws/build/f1tenth_research/prefix_override:/research_ws/install/f1tenth_research/lib/python3.8/site-packages:${PYTHONPATH} /usr/bin/python3 setup.py egg_info --egg-base ../../build/f1tenth_research build --build-base /research_ws/build/f1tenth_research/build install --record /research_ws/build/f1tenth_research/install.log --install-scripts $base/lib/f1tenth_research --single-version-externally-managed
