running egg_info
creating ../../build/f1tenth_research/f1tenth_research.egg-info
writing ../../build/f1tenth_research/f1tenth_research.egg-info/PKG-INFO
writing dependency_links to ../../build/f1tenth_research/f1tenth_research.egg-info/dependency_links.txt
writing entry points to ../../build/f1tenth_research/f1tenth_research.egg-info/entry_points.txt
writing requirements to ../../build/f1tenth_research/f1tenth_research.egg-info/requires.txt
writing top-level names to ../../build/f1tenth_research/f1tenth_research.egg-info/top_level.txt
writing manifest file '../../build/f1tenth_research/f1tenth_research.egg-info/SOURCES.txt'
reading manifest file '../../build/f1tenth_research/f1tenth_research.egg-info/SOURCES.txt'
writing manifest file '../../build/f1tenth_research/f1tenth_research.egg-info/SOURCES.txt'
running build
running build_py
creating /research_ws/build/f1tenth_research/build
creating /research_ws/build/f1tenth_research/build/lib
creating /research_ws/build/f1tenth_research/build/lib/f1tenth_research
copying f1tenth_research/__init__.py -> /research_ws/build/f1tenth_research/build/lib/f1tenth_research
copying f1tenth_research/teleop_node.py -> /research_ws/build/f1tenth_research/build/lib/f1tenth_research
running install
running install_lib
creating /research_ws/install/f1tenth_research/lib/python3.8/site-packages/f1tenth_research
copying /research_ws/build/f1tenth_research/build/lib/f1tenth_research/__init__.py -> /research_ws/install/f1tenth_research/lib/python3.8/site-packages/f1tenth_research
copying /research_ws/build/f1tenth_research/build/lib/f1tenth_research/teleop_node.py -> /research_ws/install/f1tenth_research/lib/python3.8/site-packages/f1tenth_research
byte-compiling /research_ws/install/f1tenth_research/lib/python3.8/site-packages/f1tenth_research/__init__.py to __init__.cpython-38.pyc
byte-compiling /research_ws/install/f1tenth_research/lib/python3.8/site-packages/f1tenth_research/teleop_node.py to teleop_node.cpython-38.pyc
running install_data
creating /research_ws/install/f1tenth_research/share/ament_index
creating /research_ws/install/f1tenth_research/share/ament_index/resource_index
creating /research_ws/install/f1tenth_research/share/ament_index/resource_index/packages
copying resource/f1tenth_research -> /research_ws/install/f1tenth_research/share/ament_index/resource_index/packages
copying package.xml -> /research_ws/install/f1tenth_research/share/f1tenth_research
running install_egg_info
Copying ../../build/f1tenth_research/f1tenth_research.egg-info to /research_ws/install/f1tenth_research/lib/python3.8/site-packages/f1tenth_research-0.0.0-py3.8.egg-info
running install_scripts
Installing teleop script to /research_ws/install/f1tenth_research/lib/f1tenth_research
writing list of installed files to '/research_ws/build/f1tenth_research/install.log'
