/usr/lib/python3.8/runpy.py:127: RuntimeWarning: 'f1tenth_research.training.phase1_ppo_il' found in sys.modules after import of package 'f1tenth_research.training', but prior to execution of 'f1tenth_research.training.phase1_ppo_il'; this may result in unpredictable behaviour
  warn(RuntimeWarning(msg))
Training on device: cpu
[Epoch 0] Rollout (2048 steps)...
/f1tenth_gym/gym/f110_gym/envs/base_classes.py:95: UserWarning: Chosen integrator is RK4. This is different from previous versions of the gym.
  warnings.warn(f"Chosen integrator is RK4. This is different from previous versions of the gym.")
/f1tenth_gym/gym/f110_gym/envs/base_classes.py:95: UserWarning: Chosen integrator is RK4. This is different from previous versions of the gym.
  warnings.warn(f"Chosen integrator is RK4. This is different from previous versions of the gym.")
[Epoch 0] Update...
[Epoch 0] Step 2048: Avg Reward = 0.196
Checkpoint saved to checkpoints/phase1_aut/checkpoint_epoch_0.pt
[Epoch 0] Checkpoint saved
[Epoch 1] Rollout (2048 steps)...
[Epoch 1] Update...
[Epoch 2] Rollout (2048 steps)...
[Epoch 2] Update...
[Epoch 3] Rollout (2048 steps)...
[Epoch 3] Update...
[Epoch 4] Rollout (2048 steps)...
[Epoch 4] Update...
[Epoch 5] Rollout (2048 steps)...
[Epoch 5] Update...
[Epoch 6] Rollout (2048 steps)...
[Epoch 6] Update...
[Epoch 7] Rollout (2048 steps)...
[Epoch 7] Update...
[Epoch 8] Rollout (2048 steps)...
[Epoch 8] Update...
[Epoch 9] Rollout (2048 steps)...
[Epoch 9] Update...
[Epoch 10] Rollout (2048 steps)...
[Epoch 10] Update...
Checkpoint saved to checkpoints/phase1_aut/checkpoint_epoch_10.pt
[Epoch 10] Checkpoint saved
[Epoch 11] Rollout (2048 steps)...
[Epoch 11] Update...
[Epoch 12] Rollout (2048 steps)...
[Epoch 12] Update...
[Epoch 13] Rollout (2048 steps)...
[Epoch 13] Update...
[Epoch 14] Rollout (2048 steps)...
[Epoch 14] Update...
[Epoch 15] Rollout (2048 steps)...
[Epoch 15] Update...
[Epoch 16] Rollout (2048 steps)...
[Epoch 16] Update...
[Epoch 17] Rollout (2048 steps)...
[Epoch 17] Update...
[Epoch 18] Rollout (2048 steps)...
[Epoch 18] Update...
[Epoch 19] Rollout (2048 steps)...
[Epoch 19] Update...
[Epoch 20] Rollout (2048 steps)...
[Epoch 20] Update...
Checkpoint saved to checkpoints/phase1_aut/checkpoint_epoch_20.pt
[Epoch 20] Checkpoint saved
[Epoch 21] Rollout (2048 steps)...
[Epoch 21] Update...
[Epoch 22] Rollout (2048 steps)...
[Epoch 22] Update...
[Epoch 23] Rollout (2048 steps)...
[Epoch 23] Update...
[Epoch 24] Rollout (2048 steps)...
[Epoch 24] Update...
[Epoch 25] Rollout (2048 steps)...
[Epoch 25] Update...
[Epoch 26] Rollout (2048 steps)...
[Epoch 26] Update...
[Epoch 27] Rollout (2048 steps)...
[Epoch 27] Update...
[Epoch 28] Rollout (2048 steps)...
[Epoch 28] Update...
[Epoch 29] Rollout (2048 steps)...
[Epoch 29] Update...
[Epoch 30] Rollout (2048 steps)...
[Epoch 30] Update...
Checkpoint saved to checkpoints/phase1_aut/checkpoint_epoch_30.pt
[Epoch 30] Checkpoint saved
[Epoch 31] Rollout (2048 steps)...
[Epoch 31] Update...
[Epoch 32] Rollout (2048 steps)...
[Epoch 32] Update...
[Epoch 33] Rollout (2048 steps)...
[Epoch 33] Update...
[Epoch 34] Rollout (2048 steps)...
[Epoch 34] Update...
[Epoch 35] Rollout (2048 steps)...
[Epoch 35] Update...
[Epoch 36] Rollout (2048 steps)...
[Epoch 36] Update...
[Epoch 37] Rollout (2048 steps)...
[Epoch 37] Update...
[Epoch 38] Rollout (2048 steps)...
[Epoch 38] Update...
[Epoch 39] Rollout (2048 steps)...
[Epoch 39] Update...
[Epoch 40] Rollout (2048 steps)...
[Epoch 40] Update...
Checkpoint saved to checkpoints/phase1_aut/checkpoint_epoch_40.pt
[Epoch 40] Checkpoint saved
[Epoch 41] Rollout (2048 steps)...
[Epoch 41] Update...
[Epoch 42] Rollout (2048 steps)...
[Epoch 42] Update...
[Epoch 43] Rollout (2048 steps)...
[Epoch 43] Update...
[Epoch 44] Rollout (2048 steps)...
[Epoch 44] Update...
[Epoch 45] Rollout (2048 steps)...
[Epoch 45] Update...
[Epoch 46] Rollout (2048 steps)...
[Epoch 46] Update...
[Epoch 47] Rollout (2048 steps)...
[Epoch 47] Update...
[Epoch 48] Rollout (2048 steps)...
[Epoch 48] Update...
[Epoch 49] Rollout (2048 steps)...
[Epoch 49] Update...
[Epoch 50] Rollout (2048 steps)...
[Epoch 50] Update...
Checkpoint saved to checkpoints/phase1_aut/checkpoint_epoch_50.pt
[Epoch 50] Checkpoint saved
[Epoch 51] Rollout (2048 steps)...
[Epoch 51] Update...
[Epoch 52] Rollout (2048 steps)...
[Epoch 52] Update...
[Epoch 53] Rollout (2048 steps)...
[Epoch 53] Update...
[Epoch 54] Rollout (2048 steps)...
[Epoch 54] Update...
[Epoch 55] Rollout (2048 steps)...
[Epoch 55] Update...
[Epoch 56] Rollout (2048 steps)...
[Epoch 56] Update...
[Epoch 57] Rollout (2048 steps)...
[Epoch 57] Update...
[Epoch 58] Rollout (2048 steps)...
[Epoch 58] Update...
[Epoch 59] Rollout (2048 steps)...
[Epoch 59] Update...
[Epoch 60] Rollout (2048 steps)...
[Epoch 60] Update...
Checkpoint saved to checkpoints/phase1_aut/checkpoint_epoch_60.pt
[Epoch 60] Checkpoint saved
[Epoch 61] Rollout (2048 steps)...
[Epoch 61] Update...
[Epoch 62] Rollout (2048 steps)...
[Epoch 62] Update...
[Epoch 63] Rollout (2048 steps)...
[Epoch 63] Update...
[Epoch 64] Rollout (2048 steps)...
[Epoch 64] Update...
[Epoch 65] Rollout (2048 steps)...
[Epoch 65] Update...
[Epoch 66] Rollout (2048 steps)...
[Epoch 66] Update...
[Epoch 67] Rollout (2048 steps)...
[Epoch 67] Update...
[Epoch 68] Rollout (2048 steps)...
[Epoch 68] Update...
[Epoch 69] Rollout (2048 steps)...
[Epoch 69] Update...
[Epoch 70] Rollout (2048 steps)...
[Epoch 70] Update...
Checkpoint saved to checkpoints/phase1_aut/checkpoint_epoch_70.pt
[Epoch 70] Checkpoint saved
[Epoch 71] Rollout (2048 steps)...
[Epoch 71] Update...
[Epoch 72] Rollout (2048 steps)...
[Epoch 72] Update...
[Epoch 73] Rollout (2048 steps)...
[Epoch 73] Update...
[Epoch 74] Rollout (2048 steps)...
[Epoch 74] Update...
[Epoch 75] Rollout (2048 steps)...
[Epoch 75] Update...
[Epoch 76] Rollout (2048 steps)...
[Epoch 76] Update...
[Epoch 77] Rollout (2048 steps)...
[Epoch 77] Update...
[Epoch 78] Rollout (2048 steps)...
[Epoch 78] Update...
[Epoch 79] Rollout (2048 steps)...
[Epoch 79] Update...
[Epoch 80] Rollout (2048 steps)...
[Epoch 80] Update...
Checkpoint saved to checkpoints/phase1_aut/checkpoint_epoch_80.pt
[Epoch 80] Checkpoint saved
[Epoch 81] Rollout (2048 steps)...
[Epoch 81] Update...
[Epoch 82] Rollout (2048 steps)...
[Epoch 82] Update...
[Epoch 83] Rollout (2048 steps)...
[Epoch 83] Update...
[Epoch 84] Rollout (2048 steps)...
[Epoch 84] Update...
[Epoch 85] Rollout (2048 steps)...
[Epoch 85] Update...
[Epoch 86] Rollout (2048 steps)...
[Epoch 86] Update...
[Epoch 87] Rollout (2048 steps)...
[Epoch 87] Update...
[Epoch 88] Rollout (2048 steps)...
[Epoch 88] Update...
[Epoch 89] Rollout (2048 steps)...
[Epoch 89] Update...
[Epoch 90] Rollout (2048 steps)...
[Epoch 90] Update...
Checkpoint saved to checkpoints/phase1_aut/checkpoint_epoch_90.pt
[Epoch 90] Checkpoint saved
[Epoch 91] Rollout (2048 steps)...
[Epoch 91] Update...
[Epoch 92] Rollout (2048 steps)...
[Epoch 92] Update...
[Epoch 93] Rollout (2048 steps)...
[Epoch 93] Update...
[Epoch 94] Rollout (2048 steps)...
[Epoch 94] Update...
[Epoch 95] Rollout (2048 steps)...
[Epoch 95] Update...
[Epoch 96] Rollout (2048 steps)...
[Epoch 96] Update...
[Epoch 97] Rollout (2048 steps)...
[Epoch 97] Update...
[Epoch 98] Rollout (2048 steps)...
[Epoch 98] Update...
[Epoch 99] Rollout (2048 steps)...
[Epoch 99] Update...
[Epoch 100] Rollout (2048 steps)...
[Epoch 100] Update...
[Epoch 100] Step 206848: Avg Reward = 0.299
Checkpoint saved to checkpoints/phase1_aut/checkpoint_epoch_100.pt
[Epoch 100] Checkpoint saved
[Epoch 101] Rollout (2048 steps)...
[Epoch 101] Update...
[Epoch 102] Rollout (2048 steps)...
[Epoch 102] Update...
[Epoch 103] Rollout (2048 steps)...
[Epoch 103] Update...
[Epoch 104] Rollout (2048 steps)...
[Epoch 104] Update...
[Epoch 105] Rollout (2048 steps)...
[Epoch 105] Update...
[Epoch 106] Rollout (2048 steps)...
[Epoch 106] Update...
[Epoch 107] Rollout (2048 steps)...
[Epoch 107] Update...
[Epoch 108] Rollout (2048 steps)...
[Epoch 108] Update...
[Epoch 109] Rollout (2048 steps)...
[Epoch 109] Update...
[Epoch 110] Rollout (2048 steps)...
[Epoch 110] Update...
Checkpoint saved to checkpoints/phase1_aut/checkpoint_epoch_110.pt
[Epoch 110] Checkpoint saved
[Epoch 111] Rollout (2048 steps)...
[Epoch 111] Update...
[Epoch 112] Rollout (2048 steps)...
[Epoch 112] Update...
[Epoch 113] Rollout (2048 steps)...
[Epoch 113] Update...
[Epoch 114] Rollout (2048 steps)...
[Epoch 114] Update...
[Epoch 115] Rollout (2048 steps)...
[Epoch 115] Update...
[Epoch 116] Rollout (2048 steps)...
[Epoch 116] Update...
[Epoch 117] Rollout (2048 steps)...
[Epoch 117] Update...
[Epoch 118] Rollout (2048 steps)...
[Epoch 118] Update...
[Epoch 119] Rollout (2048 steps)...
[Epoch 119] Update...
[Epoch 120] Rollout (2048 steps)...
[Epoch 120] Update...
Checkpoint saved to checkpoints/phase1_aut/checkpoint_epoch_120.pt
[Epoch 120] Checkpoint saved
[Epoch 121] Rollout (2048 steps)...
[Epoch 121] Update...
[Epoch 122] Rollout (2048 steps)...
[Epoch 122] Update...
[Epoch 123] Rollout (2048 steps)...
[Epoch 123] Update...
[Epoch 124] Rollout (2048 steps)...
[Epoch 124] Update...
[Epoch 125] Rollout (2048 steps)...
[Epoch 125] Update...
[Epoch 126] Rollout (2048 steps)...
[Epoch 126] Update...
[Epoch 127] Rollout (2048 steps)...
[Epoch 127] Update...
[Epoch 128] Rollout (2048 steps)...
[Epoch 128] Update...
[Epoch 129] Rollout (2048 steps)...
[Epoch 129] Update...
[Epoch 130] Rollout (2048 steps)...
[Epoch 130] Update...
Checkpoint saved to checkpoints/phase1_aut/checkpoint_epoch_130.pt
[Epoch 130] Checkpoint saved
[Epoch 131] Rollout (2048 steps)...
[Epoch 131] Update...
[Epoch 132] Rollout (2048 steps)...
[Epoch 132] Update...
[Epoch 133] Rollout (2048 steps)...
[Epoch 133] Update...
[Epoch 134] Rollout (2048 steps)...
[Epoch 134] Update...
[Epoch 135] Rollout (2048 steps)...
[Epoch 135] Update...
[Epoch 136] Rollout (2048 steps)...
[Epoch 136] Update...
[Epoch 137] Rollout (2048 steps)...
[Epoch 137] Update...
[Epoch 138] Rollout (2048 steps)...
[Epoch 138] Update...
[Epoch 139] Rollout (2048 steps)...
[Epoch 139] Update...
[Epoch 140] Rollout (2048 steps)...
[Epoch 140] Update...
Checkpoint saved to checkpoints/phase1_aut/checkpoint_epoch_140.pt
[Epoch 140] Checkpoint saved
[Epoch 141] Rollout (2048 steps)...
[Epoch 141] Update...
[Epoch 142] Rollout (2048 steps)...
[Epoch 142] Update...
[Epoch 143] Rollout (2048 steps)...
[Epoch 143] Update...
[Epoch 144] Rollout (2048 steps)...
[Epoch 144] Update...
[Epoch 145] Rollout (2048 steps)...
[Epoch 145] Update...
[Epoch 146] Rollout (2048 steps)...
[Epoch 146] Update...
[Epoch 147] Rollout (2048 steps)...
[Epoch 147] Update...
[Epoch 148] Rollout (2048 steps)...
[Epoch 148] Update...
[Epoch 149] Rollout (2048 steps)...
[Epoch 149] Update...
[Epoch 150] Rollout (2048 steps)...
[Epoch 150] Update...
Checkpoint saved to checkpoints/phase1_aut/checkpoint_epoch_150.pt
[Epoch 150] Checkpoint saved
[Epoch 151] Rollout (2048 steps)...
[Epoch 151] Update...
[Epoch 152] Rollout (2048 steps)...
[Epoch 152] Update...
[Epoch 153] Rollout (2048 steps)...
[Epoch 153] Update...
[Epoch 154] Rollout (2048 steps)...
[Epoch 154] Update...
[Epoch 155] Rollout (2048 steps)...
[Epoch 155] Update...
[Epoch 156] Rollout (2048 steps)...
[Epoch 156] Update...
[Epoch 157] Rollout (2048 steps)...
[Epoch 157] Update...
[Epoch 158] Rollout (2048 steps)...
[Epoch 158] Update...
[Epoch 159] Rollout (2048 steps)...
[Epoch 159] Update...
[Epoch 160] Rollout (2048 steps)...
[Epoch 160] Update...
Checkpoint saved to checkpoints/phase1_aut/checkpoint_epoch_160.pt
[Epoch 160] Checkpoint saved
[Epoch 161] Rollout (2048 steps)...
[Epoch 161] Update...
[Epoch 162] Rollout (2048 steps)...
[Epoch 162] Update...
[Epoch 163] Rollout (2048 steps)...
[Epoch 163] Update...
[Epoch 164] Rollout (2048 steps)...
[Epoch 164] Update...
[Epoch 165] Rollout (2048 steps)...
[Epoch 165] Update...
[Epoch 166] Rollout (2048 steps)...
[Epoch 166] Update...
[Epoch 167] Rollout (2048 steps)...
[Epoch 167] Update...
[Epoch 168] Rollout (2048 steps)...
[Epoch 168] Update...
[Epoch 169] Rollout (2048 steps)...
[Epoch 169] Update...
[Epoch 170] Rollout (2048 steps)...
[Epoch 170] Update...
Checkpoint saved to checkpoints/phase1_aut/checkpoint_epoch_170.pt
[Epoch 170] Checkpoint saved
[Epoch 171] Rollout (2048 steps)...
[Epoch 171] Update...
[Epoch 172] Rollout (2048 steps)...
[Epoch 172] Update...
[Epoch 173] Rollout (2048 steps)...
[Epoch 173] Update...
[Epoch 174] Rollout (2048 steps)...
[Epoch 174] Update...
[Epoch 175] Rollout (2048 steps)...
[Epoch 175] Update...
[Epoch 176] Rollout (2048 steps)...
[Epoch 176] Update...
[Epoch 177] Rollout (2048 steps)...
[Epoch 177] Update...
[Epoch 178] Rollout (2048 steps)...
[Epoch 178] Update...
[Epoch 179] Rollout (2048 steps)...
[Epoch 179] Update...
[Epoch 180] Rollout (2048 steps)...
[Epoch 180] Update...
Checkpoint saved to checkpoints/phase1_aut/checkpoint_epoch_180.pt
[Epoch 180] Checkpoint saved
[Epoch 181] Rollout (2048 steps)...
[Epoch 181] Update...
[Epoch 182] Rollout (2048 steps)...
[Epoch 182] Update...
[Epoch 183] Rollout (2048 steps)...
[Epoch 183] Update...
[Epoch 184] Rollout (2048 steps)...
[Epoch 184] Update...
[Epoch 185] Rollout (2048 steps)...
[Epoch 185] Update...
[Epoch 186] Rollout (2048 steps)...
[Epoch 186] Update...
[Epoch 187] Rollout (2048 steps)...
[Epoch 187] Update...
[Epoch 188] Rollout (2048 steps)...
[Epoch 188] Update...
[Epoch 189] Rollout (2048 steps)...
[Epoch 189] Update...
[Epoch 190] Rollout (2048 steps)...
[Epoch 190] Update...
Checkpoint saved to checkpoints/phase1_aut/checkpoint_epoch_190.pt
[Epoch 190] Checkpoint saved
[Epoch 191] Rollout (2048 steps)...
[Epoch 191] Update...
[Epoch 192] Rollout (2048 steps)...
[Epoch 192] Update...
[Epoch 193] Rollout (2048 steps)...
[Epoch 193] Update...
[Epoch 194] Rollout (2048 steps)...
[Epoch 194] Update...
[Epoch 195] Rollout (2048 steps)...
[Epoch 195] Update...
[Epoch 196] Rollout (2048 steps)...
[Epoch 196] Update...
[Epoch 197] Rollout (2048 steps)...
[Epoch 197] Update...
[Epoch 198] Rollout (2048 steps)...
[Epoch 198] Update...
[Epoch 199] Rollout (2048 steps)...
[Epoch 199] Update...
[Epoch 200] Rollout (2048 steps)...
[Epoch 200] Update...
[Epoch 200] Step 411648: Avg Reward = 0.423
Checkpoint saved to checkpoints/phase1_aut/checkpoint_epoch_200.pt
[Epoch 200] Checkpoint saved
[Epoch 201] Rollout (2048 steps)...
[Epoch 201] Update...
[Epoch 202] Rollout (2048 steps)...
[Epoch 202] Update...
[Epoch 203] Rollout (2048 steps)...
[Epoch 203] Update...
[Epoch 204] Rollout (2048 steps)...
[Epoch 204] Update...
[Epoch 205] Rollout (2048 steps)...
[Epoch 205] Update...
[Epoch 206] Rollout (2048 steps)...
[Epoch 206] Update...
[Epoch 207] Rollout (2048 steps)...
[Epoch 207] Update...
[Epoch 208] Rollout (2048 steps)...
[Epoch 208] Update...
[Epoch 209] Rollout (2048 steps)...
[Epoch 209] Update...
[Epoch 210] Rollout (2048 steps)...
[Epoch 210] Update...
Checkpoint saved to checkpoints/phase1_aut/checkpoint_epoch_210.pt
[Epoch 210] Checkpoint saved
[Epoch 211] Rollout (2048 steps)...
[Epoch 211] Update...
[Epoch 212] Rollout (2048 steps)...
[Epoch 212] Update...
[Epoch 213] Rollout (2048 steps)...
[Epoch 213] Update...
[Epoch 214] Rollout (2048 steps)...
[Epoch 214] Update...
[Epoch 215] Rollout (2048 steps)...
[Epoch 215] Update...
[Epoch 216] Rollout (2048 steps)...
[Epoch 216] Update...
[Epoch 217] Rollout (2048 steps)...
[Epoch 217] Update...
[Epoch 218] Rollout (2048 steps)...
[Epoch 218] Update...
[Epoch 219] Rollout (2048 steps)...
[Epoch 219] Update...
[Epoch 220] Rollout (2048 steps)...
[Epoch 220] Update...
Checkpoint saved to checkpoints/phase1_aut/checkpoint_epoch_220.pt
[Epoch 220] Checkpoint saved
[Epoch 221] Rollout (2048 steps)...
[Epoch 221] Update...
[Epoch 222] Rollout (2048 steps)...
[Epoch 222] Update...
[Epoch 223] Rollout (2048 steps)...
[Epoch 223] Update...
[Epoch 224] Rollout (2048 steps)...
[Epoch 224] Update...
[Epoch 225] Rollout (2048 steps)...
[Epoch 225] Update...
[Epoch 226] Rollout (2048 steps)...
[Epoch 226] Update...
[Epoch 227] Rollout (2048 steps)...
[Epoch 227] Update...
[Epoch 228] Rollout (2048 steps)...
[Epoch 228] Update...
[Epoch 229] Rollout (2048 steps)...
[Epoch 229] Update...
[Epoch 230] Rollout (2048 steps)...
[Epoch 230] Update...
Checkpoint saved to checkpoints/phase1_aut/checkpoint_epoch_230.pt
[Epoch 230] Checkpoint saved
[Epoch 231] Rollout (2048 steps)...
[Epoch 231] Update...
[Epoch 232] Rollout (2048 steps)...
[Epoch 232] Update...
[Epoch 233] Rollout (2048 steps)...
[Epoch 233] Update...
[Epoch 234] Rollout (2048 steps)...
[Epoch 234] Update...
[Epoch 235] Rollout (2048 steps)...
[Epoch 235] Update...
[Epoch 236] Rollout (2048 steps)...
[Epoch 236] Update...
[Epoch 237] Rollout (2048 steps)...
[Epoch 237] Update...
[Epoch 238] Rollout (2048 steps)...
[Epoch 238] Update...
[Epoch 239] Rollout (2048 steps)...
[Epoch 239] Update...
[Epoch 240] Rollout (2048 steps)...
[Epoch 240] Update...
Checkpoint saved to checkpoints/phase1_aut/checkpoint_epoch_240.pt
[Epoch 240] Checkpoint saved
[Epoch 241] Rollout (2048 steps)...
[Epoch 241] Update...
[Epoch 242] Rollout (2048 steps)...
[Epoch 242] Update...
[Epoch 243] Rollout (2048 steps)...
[Epoch 243] Update...
[Epoch 244] Rollout (2048 steps)...
[Epoch 244] Update...
[Epoch 245] Rollout (2048 steps)...
[Epoch 245] Update...
[Epoch 246] Rollout (2048 steps)...
[Epoch 246] Update...
[Epoch 247] Rollout (2048 steps)...
[Epoch 247] Update...
[Epoch 248] Rollout (2048 steps)...
[Epoch 248] Update...
[Epoch 249] Rollout (2048 steps)...
[Epoch 249] Update...
[Epoch 250] Rollout (2048 steps)...
[Epoch 250] Update...
Checkpoint saved to checkpoints/phase1_aut/checkpoint_epoch_250.pt
[Epoch 250] Checkpoint saved
[Epoch 251] Rollout (2048 steps)...
[Epoch 251] Update...
[Epoch 252] Rollout (2048 steps)...
[Epoch 252] Update...
[Epoch 253] Rollout (2048 steps)...
[Epoch 253] Update...
[Epoch 254] Rollout (2048 steps)...
[Epoch 254] Update...
[Epoch 255] Rollout (2048 steps)...
[Epoch 255] Update...
[Epoch 256] Rollout (2048 steps)...
[Epoch 256] Update...
[Epoch 257] Rollout (2048 steps)...
[Epoch 257] Update...
[Epoch 258] Rollout (2048 steps)...
[Epoch 258] Update...
[Epoch 259] Rollout (2048 steps)...
[Epoch 259] Update...
[Epoch 260] Rollout (2048 steps)...
[Epoch 260] Update...
Checkpoint saved to checkpoints/phase1_aut/checkpoint_epoch_260.pt
[Epoch 260] Checkpoint saved
[Epoch 261] Rollout (2048 steps)...
[Epoch 261] Update...
[Epoch 262] Rollout (2048 steps)...
[Epoch 262] Update...
[Epoch 263] Rollout (2048 steps)...
[Epoch 263] Update...
[Epoch 264] Rollout (2048 steps)...
[Epoch 264] Update...
[Epoch 265] Rollout (2048 steps)...
[Epoch 265] Update...
[Epoch 266] Rollout (2048 steps)...
[Epoch 266] Update...
[Epoch 267] Rollout (2048 steps)...
[Epoch 267] Update...
[Epoch 268] Rollout (2048 steps)...
[Epoch 268] Update...
[Epoch 269] Rollout (2048 steps)...
[Epoch 269] Update...
[Epoch 270] Rollout (2048 steps)...
[Epoch 270] Update...
Checkpoint saved to checkpoints/phase1_aut/checkpoint_epoch_270.pt
[Epoch 270] Checkpoint saved
[Epoch 271] Rollout (2048 steps)...
[Epoch 271] Update...
[Epoch 272] Rollout (2048 steps)...
[Epoch 272] Update...
[Epoch 273] Rollout (2048 steps)...
[Epoch 273] Update...
[Epoch 274] Rollout (2048 steps)...
[Epoch 274] Update...
[Epoch 275] Rollout (2048 steps)...
[Epoch 275] Update...
[Epoch 276] Rollout (2048 steps)...
[Epoch 276] Update...
[Epoch 277] Rollout (2048 steps)...
[Epoch 277] Update...
[Epoch 278] Rollout (2048 steps)...
[Epoch 278] Update...
[Epoch 279] Rollout (2048 steps)...
[Epoch 279] Update...
[Epoch 280] Rollout (2048 steps)...
[Epoch 280] Update...
Checkpoint saved to checkpoints/phase1_aut/checkpoint_epoch_280.pt
[Epoch 280] Checkpoint saved
[Epoch 281] Rollout (2048 steps)...
[Epoch 281] Update...
[Epoch 282] Rollout (2048 steps)...
[Epoch 282] Update...
[Epoch 283] Rollout (2048 steps)...
[Epoch 283] Update...
[Epoch 284] Rollout (2048 steps)...
[Epoch 284] Update...
[Epoch 285] Rollout (2048 steps)...
[Epoch 285] Update...
[Epoch 286] Rollout (2048 steps)...
[Epoch 286] Update...
[Epoch 287] Rollout (2048 steps)...
[Epoch 287] Update...
[Epoch 288] Rollout (2048 steps)...
[Epoch 288] Update...
[Epoch 289] Rollout (2048 steps)...
[Epoch 289] Update...
[Epoch 290] Rollout (2048 steps)...
[Epoch 290] Update...
Checkpoint saved to checkpoints/phase1_aut/checkpoint_epoch_290.pt
[Epoch 290] Checkpoint saved
[Epoch 291] Rollout (2048 steps)...
[Epoch 291] Update...
[Epoch 292] Rollout (2048 steps)...
[Epoch 292] Update...
[Epoch 293] Rollout (2048 steps)...
[Epoch 293] Update...
[Epoch 294] Rollout (2048 steps)...
[Epoch 294] Update...
[Epoch 295] Rollout (2048 steps)...
[Epoch 295] Update...
[Epoch 296] Rollout (2048 steps)...
[Epoch 296] Update...
[Epoch 297] Rollout (2048 steps)...
[Epoch 297] Update...
[Epoch 298] Rollout (2048 steps)...
[Epoch 298] Update...
[Epoch 299] Rollout (2048 steps)...
[Epoch 299] Update...
[Epoch 300] Rollout (2048 steps)...
[Epoch 300] Update...
[Epoch 300] Step 616448: Avg Reward = 0.487
Checkpoint saved to checkpoints/phase1_aut/checkpoint_epoch_300.pt
[Epoch 300] Checkpoint saved
[Epoch 301] Rollout (2048 steps)...
[Epoch 301] Update...
[Epoch 302] Rollout (2048 steps)...
[Epoch 302] Update...
[Epoch 303] Rollout (2048 steps)...
[Epoch 303] Update...
[Epoch 304] Rollout (2048 steps)...
[Epoch 304] Update...
[Epoch 305] Rollout (2048 steps)...
[Epoch 305] Update...
[Epoch 306] Rollout (2048 steps)...
[Epoch 306] Update...
[Epoch 307] Rollout (2048 steps)...
[Epoch 307] Update...
[Epoch 308] Rollout (2048 steps)...
[Epoch 308] Update...
[Epoch 309] Rollout (2048 steps)...
[Epoch 309] Update...
[Epoch 310] Rollout (2048 steps)...
[Epoch 310] Update...
Checkpoint saved to checkpoints/phase1_aut/checkpoint_epoch_310.pt
[Epoch 310] Checkpoint saved
[Epoch 311] Rollout (2048 steps)...
[Epoch 311] Update...
[Epoch 312] Rollout (2048 steps)...
[Epoch 312] Update...
[Epoch 313] Rollout (2048 steps)...
[Epoch 313] Update...
[Epoch 314] Rollout (2048 steps)...
[Epoch 314] Update...
[Epoch 315] Rollout (2048 steps)...
[Epoch 315] Update...
[Epoch 316] Rollout (2048 steps)...
[Epoch 316] Update...
[Epoch 317] Rollout (2048 steps)...
[Epoch 317] Update...
[Epoch 318] Rollout (2048 steps)...
[Epoch 318] Update...
[Epoch 319] Rollout (2048 steps)...
[Epoch 319] Update...
[Epoch 320] Rollout (2048 steps)...
[Epoch 320] Update...
Checkpoint saved to checkpoints/phase1_aut/checkpoint_epoch_320.pt
[Epoch 320] Checkpoint saved
[Epoch 321] Rollout (2048 steps)...
[Epoch 321] Update...
[Epoch 322] Rollout (2048 steps)...
[Epoch 322] Update...
[Epoch 323] Rollout (2048 steps)...
[Epoch 323] Update...
[Epoch 324] Rollout (2048 steps)...
[Epoch 324] Update...
[Epoch 325] Rollout (2048 steps)...
[Epoch 325] Update...
[Epoch 326] Rollout (2048 steps)...
[Epoch 326] Update...
[Epoch 327] Rollout (2048 steps)...
[Epoch 327] Update...
[Epoch 328] Rollout (2048 steps)...
[Epoch 328] Update...
[Epoch 329] Rollout (2048 steps)...
[Epoch 329] Update...
[Epoch 330] Rollout (2048 steps)...
[Epoch 330] Update...
Checkpoint saved to checkpoints/phase1_aut/checkpoint_epoch_330.pt
[Epoch 330] Checkpoint saved
[Epoch 331] Rollout (2048 steps)...
[Epoch 331] Update...
[Epoch 332] Rollout (2048 steps)...
[Epoch 332] Update...
[Epoch 333] Rollout (2048 steps)...
[Epoch 333] Update...
[Epoch 334] Rollout (2048 steps)...
[Epoch 334] Update...
[Epoch 335] Rollout (2048 steps)...
[Epoch 335] Update...
[Epoch 336] Rollout (2048 steps)...
[Epoch 336] Update...
[Epoch 337] Rollout (2048 steps)...
[Epoch 337] Update...
[Epoch 338] Rollout (2048 steps)...
[Epoch 338] Update...
[Epoch 339] Rollout (2048 steps)...
[Epoch 339] Update...
[Epoch 340] Rollout (2048 steps)...
[Epoch 340] Update...
Checkpoint saved to checkpoints/phase1_aut/checkpoint_epoch_340.pt
[Epoch 340] Checkpoint saved
[Epoch 341] Rollout (2048 steps)...
[Epoch 341] Update...
[Epoch 342] Rollout (2048 steps)...
[Epoch 342] Update...
[Epoch 343] Rollout (2048 steps)...
[Epoch 343] Update...
[Epoch 344] Rollout (2048 steps)...
[Epoch 344] Update...
[Epoch 345] Rollout (2048 steps)...
[Epoch 345] Update...
[Epoch 346] Rollout (2048 steps)...
[Epoch 346] Update...
[Epoch 347] Rollout (2048 steps)...
[Epoch 347] Update...
[Epoch 348] Rollout (2048 steps)...
[Epoch 348] Update...
[Epoch 349] Rollout (2048 steps)...
[Epoch 349] Update...
[Epoch 350] Rollout (2048 steps)...
[Epoch 350] Update...
Checkpoint saved to checkpoints/phase1_aut/checkpoint_epoch_350.pt
[Epoch 350] Checkpoint saved
[Epoch 351] Rollout (2048 steps)...
[Epoch 351] Update...
[Epoch 352] Rollout (2048 steps)...
[Epoch 352] Update...
[Epoch 353] Rollout (2048 steps)...
[Epoch 353] Update...
[Epoch 354] Rollout (2048 steps)...
[Epoch 354] Update...
[Epoch 355] Rollout (2048 steps)...
[Epoch 355] Update...
[Epoch 356] Rollout (2048 steps)...
[Epoch 356] Update...
[Epoch 357] Rollout (2048 steps)...
[Epoch 357] Update...
[Epoch 358] Rollout (2048 steps)...
[Epoch 358] Update...
[Epoch 359] Rollout (2048 steps)...
[Epoch 359] Update...
[Epoch 360] Rollout (2048 steps)...
[Epoch 360] Update...
Checkpoint saved to checkpoints/phase1_aut/checkpoint_epoch_360.pt
[Epoch 360] Checkpoint saved
[Epoch 361] Rollout (2048 steps)...
[Epoch 361] Update...
[Epoch 362] Rollout (2048 steps)...
[Epoch 362] Update...
[Epoch 363] Rollout (2048 steps)...
[Epoch 363] Update...
[Epoch 364] Rollout (2048 steps)...
[Epoch 364] Update...
[Epoch 365] Rollout (2048 steps)...
[Epoch 365] Update...
[Epoch 366] Rollout (2048 steps)...
[Epoch 366] Update...
[Epoch 367] Rollout (2048 steps)...
[Epoch 367] Update...
[Epoch 368] Rollout (2048 steps)...
[Epoch 368] Update...
[Epoch 369] Rollout (2048 steps)...
[Epoch 369] Update...
[Epoch 370] Rollout (2048 steps)...
[Epoch 370] Update...
Checkpoint saved to checkpoints/phase1_aut/checkpoint_epoch_370.pt
[Epoch 370] Checkpoint saved
[Epoch 371] Rollout (2048 steps)...
[Epoch 371] Update...
[Epoch 372] Rollout (2048 steps)...
[Epoch 372] Update...
[Epoch 373] Rollout (2048 steps)...
[Epoch 373] Update...
[Epoch 374] Rollout (2048 steps)...
[Epoch 374] Update...
[Epoch 375] Rollout (2048 steps)...
[Epoch 375] Update...
[Epoch 376] Rollout (2048 steps)...
[Epoch 376] Update...
[Epoch 377] Rollout (2048 steps)...
[Epoch 377] Update...
[Epoch 378] Rollout (2048 steps)...
[Epoch 378] Update...
[Epoch 379] Rollout (2048 steps)...
[Epoch 379] Update...
[Epoch 380] Rollout (2048 steps)...
[Epoch 380] Update...
Checkpoint saved to checkpoints/phase1_aut/checkpoint_epoch_380.pt
[Epoch 380] Checkpoint saved
[Epoch 381] Rollout (2048 steps)...
[Epoch 381] Update...
[Epoch 382] Rollout (2048 steps)...
[Epoch 382] Update...
[Epoch 383] Rollout (2048 steps)...
[Epoch 383] Update...
[Epoch 384] Rollout (2048 steps)...
[Epoch 384] Update...
[Epoch 385] Rollout (2048 steps)...
[Epoch 385] Update...
[Epoch 386] Rollout (2048 steps)...
[Epoch 386] Update...
[Epoch 387] Rollout (2048 steps)...
[Epoch 387] Update...
[Epoch 388] Rollout (2048 steps)...
[Epoch 388] Update...
[Epoch 389] Rollout (2048 steps)...
[Epoch 389] Update...
[Epoch 390] Rollout (2048 steps)...
[Epoch 390] Update...
Checkpoint saved to checkpoints/phase1_aut/checkpoint_epoch_390.pt
[Epoch 390] Checkpoint saved
[Epoch 391] Rollout (2048 steps)...
[Epoch 391] Update...
[Epoch 392] Rollout (2048 steps)...
[Epoch 392] Update...
[Epoch 393] Rollout (2048 steps)...
[Epoch 393] Update...
[Epoch 394] Rollout (2048 steps)...
[Epoch 394] Update...
[Epoch 395] Rollout (2048 steps)...
[Epoch 395] Update...
[Epoch 396] Rollout (2048 steps)...
[Epoch 396] Update...
[Epoch 397] Rollout (2048 steps)...
[Epoch 397] Update...
[Epoch 398] Rollout (2048 steps)...
[Epoch 398] Update...
[Epoch 399] Rollout (2048 steps)...
[Epoch 399] Update...
[Epoch 400] Rollout (2048 steps)...
[Epoch 400] Update...
[Epoch 400] Step 821248: Avg Reward = 0.597
Checkpoint saved to checkpoints/phase1_aut/checkpoint_epoch_400.pt
[Epoch 400] Checkpoint saved
[Epoch 401] Rollout (2048 steps)...
[Epoch 401] Update...
[Epoch 402] Rollout (2048 steps)...
[Epoch 402] Update...
[Epoch 403] Rollout (2048 steps)...
[Epoch 403] Update...
[Epoch 404] Rollout (2048 steps)...
[Epoch 404] Update...
[Epoch 405] Rollout (2048 steps)...
[Epoch 405] Update...
[Epoch 406] Rollout (2048 steps)...
[Epoch 406] Update...
[Epoch 407] Rollout (2048 steps)...
[Epoch 407] Update...
[Epoch 408] Rollout (2048 steps)...
[Epoch 408] Update...
[Epoch 409] Rollout (2048 steps)...
[Epoch 409] Update...
[Epoch 410] Rollout (2048 steps)...
[Epoch 410] Update...
Checkpoint saved to checkpoints/phase1_aut/checkpoint_epoch_410.pt
[Epoch 410] Checkpoint saved
[Epoch 411] Rollout (2048 steps)...
[Epoch 411] Update...
[Epoch 412] Rollout (2048 steps)...
[Epoch 412] Update...
[Epoch 413] Rollout (2048 steps)...
[Epoch 413] Update...
[Epoch 414] Rollout (2048 steps)...
[Epoch 414] Update...
[Epoch 415] Rollout (2048 steps)...
[Epoch 415] Update...
[Epoch 416] Rollout (2048 steps)...
[Epoch 416] Update...
[Epoch 417] Rollout (2048 steps)...
[Epoch 417] Update...
[Epoch 418] Rollout (2048 steps)...
[Epoch 418] Update...
[Epoch 419] Rollout (2048 steps)...
[Epoch 419] Update...
[Epoch 420] Rollout (2048 steps)...
[Epoch 420] Update...
Checkpoint saved to checkpoints/phase1_aut/checkpoint_epoch_420.pt
[Epoch 420] Checkpoint saved
[Epoch 421] Rollout (2048 steps)...
[Epoch 421] Update...
[Epoch 422] Rollout (2048 steps)...
[Epoch 422] Update...
[Epoch 423] Rollout (2048 steps)...
[Epoch 423] Update...
[Epoch 424] Rollout (2048 steps)...
[Epoch 424] Update...
[Epoch 425] Rollout (2048 steps)...
[Epoch 425] Update...
[Epoch 426] Rollout (2048 steps)...
[Epoch 426] Update...
[Epoch 427] Rollout (2048 steps)...
[Epoch 427] Update...
[Epoch 428] Rollout (2048 steps)...
[Epoch 428] Update...
[Epoch 429] Rollout (2048 steps)...
[Epoch 429] Update...
[Epoch 430] Rollout (2048 steps)...
[Epoch 430] Update...
Checkpoint saved to checkpoints/phase1_aut/checkpoint_epoch_430.pt
[Epoch 430] Checkpoint saved
[Epoch 431] Rollout (2048 steps)...
[Epoch 431] Update...
[Epoch 432] Rollout (2048 steps)...
[Epoch 432] Update...
[Epoch 433] Rollout (2048 steps)...
[Epoch 433] Update...
[Epoch 434] Rollout (2048 steps)...
[Epoch 434] Update...
[Epoch 435] Rollout (2048 steps)...
[Epoch 435] Update...
[Epoch 436] Rollout (2048 steps)...
[Epoch 436] Update...
[Epoch 437] Rollout (2048 steps)...
[Epoch 437] Update...
[Epoch 438] Rollout (2048 steps)...
[Epoch 438] Update...
[Epoch 439] Rollout (2048 steps)...
[Epoch 439] Update...
[Epoch 440] Rollout (2048 steps)...
[Epoch 440] Update...
Checkpoint saved to checkpoints/phase1_aut/checkpoint_epoch_440.pt
[Epoch 440] Checkpoint saved
[Epoch 441] Rollout (2048 steps)...
[Epoch 441] Update...
[Epoch 442] Rollout (2048 steps)...
[Epoch 442] Update...
[Epoch 443] Rollout (2048 steps)...
[Epoch 443] Update...
[Epoch 444] Rollout (2048 steps)...
[Epoch 444] Update...
[Epoch 445] Rollout (2048 steps)...
[Epoch 445] Update...
[Epoch 446] Rollout (2048 steps)...
[Epoch 446] Update...
[Epoch 447] Rollout (2048 steps)...
[Epoch 447] Update...
[Epoch 448] Rollout (2048 steps)...
[Epoch 448] Update...
[Epoch 449] Rollout (2048 steps)...
[Epoch 449] Update...
[Epoch 450] Rollout (2048 steps)...
[Epoch 450] Update...
Checkpoint saved to checkpoints/phase1_aut/checkpoint_epoch_450.pt
[Epoch 450] Checkpoint saved
[Epoch 451] Rollout (2048 steps)...
[Epoch 451] Update...
[Epoch 452] Rollout (2048 steps)...
[Epoch 452] Update...
[Epoch 453] Rollout (2048 steps)...
[Epoch 453] Update...
[Epoch 454] Rollout (2048 steps)...
[Epoch 454] Update...
[Epoch 455] Rollout (2048 steps)...
[Epoch 455] Update...
[Epoch 456] Rollout (2048 steps)...
[Epoch 456] Update...
[Epoch 457] Rollout (2048 steps)...
[Epoch 457] Update...
[Epoch 458] Rollout (2048 steps)...
[Epoch 458] Update...
[Epoch 459] Rollout (2048 steps)...
[Epoch 459] Update...
[Epoch 460] Rollout (2048 steps)...
[Epoch 460] Update...
Checkpoint saved to checkpoints/phase1_aut/checkpoint_epoch_460.pt
[Epoch 460] Checkpoint saved
[Epoch 461] Rollout (2048 steps)...
[Epoch 461] Update...
[Epoch 462] Rollout (2048 steps)...
[Epoch 462] Update...
[Epoch 463] Rollout (2048 steps)...
[Epoch 463] Update...
[Epoch 464] Rollout (2048 steps)...
[Epoch 464] Update...
[Epoch 465] Rollout (2048 steps)...
[Epoch 465] Update...
[Epoch 466] Rollout (2048 steps)...
[Epoch 466] Update...
[Epoch 467] Rollout (2048 steps)...
[Epoch 467] Update...
[Epoch 468] Rollout (2048 steps)...
[Epoch 468] Update...
[Epoch 469] Rollout (2048 steps)...
[Epoch 469] Update...
[Epoch 470] Rollout (2048 steps)...
[Epoch 470] Update...
Checkpoint saved to checkpoints/phase1_aut/checkpoint_epoch_470.pt
[Epoch 470] Checkpoint saved
[Epoch 471] Rollout (2048 steps)...
[Epoch 471] Update...
[Epoch 472] Rollout (2048 steps)...
[Epoch 472] Update...
[Epoch 473] Rollout (2048 steps)...
[Epoch 473] Update...
[Epoch 474] Rollout (2048 steps)...
[Epoch 474] Update...
[Epoch 475] Rollout (2048 steps)...
[Epoch 475] Update...
[Epoch 476] Rollout (2048 steps)...
[Epoch 476] Update...
[Epoch 477] Rollout (2048 steps)...
[Epoch 477] Update...
[Epoch 478] Rollout (2048 steps)...
[Epoch 478] Update...
[Epoch 479] Rollout (2048 steps)...
[Epoch 479] Update...
[Epoch 480] Rollout (2048 steps)...
[Epoch 480] Update...
Checkpoint saved to checkpoints/phase1_aut/checkpoint_epoch_480.pt
[Epoch 480] Checkpoint saved
[Epoch 481] Rollout (2048 steps)...
[Epoch 481] Update...
[Epoch 482] Rollout (2048 steps)...
[Epoch 482] Update...
[Epoch 483] Rollout (2048 steps)...
[Epoch 483] Update...
[Epoch 484] Rollout (2048 steps)...
[Epoch 484] Update...
[Epoch 485] Rollout (2048 steps)...
[Epoch 485] Update...
[Epoch 486] Rollout (2048 steps)...
[Epoch 486] Update...
[Epoch 487] Rollout (2048 steps)...
[Epoch 487] Update...
[Epoch 488] Rollout (2048 steps)...
[Epoch 488] Update...
[Epoch 489] Rollout (2048 steps)...
[Epoch 489] Update...
[Epoch 490] Rollout (2048 steps)...
[Epoch 490] Update...
Checkpoint saved to checkpoints/phase1_aut/checkpoint_epoch_490.pt
[Epoch 490] Checkpoint saved
[Epoch 491] Rollout (2048 steps)...
[Epoch 491] Update...
[Epoch 492] Rollout (2048 steps)...
[Epoch 492] Update...
[Epoch 493] Rollout (2048 steps)...
[Epoch 493] Update...
[Epoch 494] Rollout (2048 steps)...
[Epoch 494] Update...
[Epoch 495] Rollout (2048 steps)...
[Epoch 495] Update...
[Epoch 496] Rollout (2048 steps)...
[Epoch 496] Update...
[Epoch 497] Rollout (2048 steps)...
[Epoch 497] Update...
[Epoch 498] Rollout (2048 steps)...
[Epoch 498] Update...
[Epoch 499] Rollout (2048 steps)...
[Epoch 499] Update...
[Epoch 500] Rollout (2048 steps)...
[Epoch 500] Update...
[Epoch 500] Step 1026048: Avg Reward = 0.465
Checkpoint saved to checkpoints/phase1_aut/checkpoint_epoch_500.pt
[Epoch 500] Checkpoint saved
[Epoch 501] Rollout (2048 steps)...
[Epoch 501] Update...
[Epoch 502] Rollout (2048 steps)...
[Epoch 502] Update...
[Epoch 503] Rollout (2048 steps)...
[Epoch 503] Update...
[Epoch 504] Rollout (2048 steps)...
[Epoch 504] Update...
[Epoch 505] Rollout (2048 steps)...
[Epoch 505] Update...
[Epoch 506] Rollout (2048 steps)...
[Epoch 506] Update...
[Epoch 507] Rollout (2048 steps)...
[Epoch 507] Update...
[Epoch 508] Rollout (2048 steps)...
[Epoch 508] Update...
[Epoch 509] Rollout (2048 steps)...
[Epoch 509] Update...
[Epoch 510] Rollout (2048 steps)...
[Epoch 510] Update...
Checkpoint saved to checkpoints/phase1_aut/checkpoint_epoch_510.pt
[Epoch 510] Checkpoint saved
[Epoch 511] Rollout (2048 steps)...
[Epoch 511] Update...
[Epoch 512] Rollout (2048 steps)...
[Epoch 512] Update...
[Epoch 513] Rollout (2048 steps)...
[Epoch 513] Update...
[Epoch 514] Rollout (2048 steps)...
[Epoch 514] Update...
[Epoch 515] Rollout (2048 steps)...
[Epoch 515] Update...
[Epoch 516] Rollout (2048 steps)...
[Epoch 516] Update...
[Epoch 517] Rollout (2048 steps)...
[Epoch 517] Update...
[Epoch 518] Rollout (2048 steps)...
[Epoch 518] Update...
[Epoch 519] Rollout (2048 steps)...
[Epoch 519] Update...
[Epoch 520] Rollout (2048 steps)...
[Epoch 520] Update...
Checkpoint saved to checkpoints/phase1_aut/checkpoint_epoch_520.pt
[Epoch 520] Checkpoint saved
[Epoch 521] Rollout (2048 steps)...
[Epoch 521] Update...
[Epoch 522] Rollout (2048 steps)...
[Epoch 522] Update...
[Epoch 523] Rollout (2048 steps)...
[Epoch 523] Update...
[Epoch 524] Rollout (2048 steps)...
[Epoch 524] Update...
[Epoch 525] Rollout (2048 steps)...
[Epoch 525] Update...
[Epoch 526] Rollout (2048 steps)...
[Epoch 526] Update...
[Epoch 527] Rollout (2048 steps)...
[Epoch 527] Update...
[Epoch 528] Rollout (2048 steps)...
[Epoch 528] Update...
[Epoch 529] Rollout (2048 steps)...
[Epoch 529] Update...
[Epoch 530] Rollout (2048 steps)...
[Epoch 530] Update...
Checkpoint saved to checkpoints/phase1_aut/checkpoint_epoch_530.pt
[Epoch 530] Checkpoint saved
[Epoch 531] Rollout (2048 steps)...
[Epoch 531] Update...
[Epoch 532] Rollout (2048 steps)...
[Epoch 532] Update...
[Epoch 533] Rollout (2048 steps)...
[Epoch 533] Update...
[Epoch 534] Rollout (2048 steps)...
[Epoch 534] Update...
[Epoch 535] Rollout (2048 steps)...
[Epoch 535] Update...
[Epoch 536] Rollout (2048 steps)...
[Epoch 536] Update...
[Epoch 537] Rollout (2048 steps)...
[Epoch 537] Update...
[Epoch 538] Rollout (2048 steps)...
[Epoch 538] Update...
[Epoch 539] Rollout (2048 steps)...
[Epoch 539] Update...
[Epoch 540] Rollout (2048 steps)...
[Epoch 540] Update...
Checkpoint saved to checkpoints/phase1_aut/checkpoint_epoch_540.pt
[Epoch 540] Checkpoint saved
[Epoch 541] Rollout (2048 steps)...
[Epoch 541] Update...
[Epoch 542] Rollout (2048 steps)...
[Epoch 542] Update...
[Epoch 543] Rollout (2048 steps)...
[Epoch 543] Update...
[Epoch 544] Rollout (2048 steps)...
[Epoch 544] Update...
[Epoch 545] Rollout (2048 steps)...
[Epoch 545] Update...
[Epoch 546] Rollout (2048 steps)...
[Epoch 546] Update...
[Epoch 547] Rollout (2048 steps)...
[Epoch 547] Update...
[Epoch 548] Rollout (2048 steps)...
[Epoch 548] Update...
[Epoch 549] Rollout (2048 steps)...
[Epoch 549] Update...
[Epoch 550] Rollout (2048 steps)...
[Epoch 550] Update...
Checkpoint saved to checkpoints/phase1_aut/checkpoint_epoch_550.pt
[Epoch 550] Checkpoint saved
[Epoch 551] Rollout (2048 steps)...
[Epoch 551] Update...
[Epoch 552] Rollout (2048 steps)...
[Epoch 552] Update...
[Epoch 553] Rollout (2048 steps)...
[Epoch 553] Update...
[Epoch 554] Rollout (2048 steps)...
[Epoch 554] Update...
[Epoch 555] Rollout (2048 steps)...
[Epoch 555] Update...
[Epoch 556] Rollout (2048 steps)...
[Epoch 556] Update...
[Epoch 557] Rollout (2048 steps)...
[Epoch 557] Update...
[Epoch 558] Rollout (2048 steps)...
[Epoch 558] Update...
[Epoch 559] Rollout (2048 steps)...
[Epoch 559] Update...
[Epoch 560] Rollout (2048 steps)...
[Epoch 560] Update...
Checkpoint saved to checkpoints/phase1_aut/checkpoint_epoch_560.pt
[Epoch 560] Checkpoint saved
[Epoch 561] Rollout (2048 steps)...
[Epoch 561] Update...
[Epoch 562] Rollout (2048 steps)...
[Epoch 562] Update...
[Epoch 563] Rollout (2048 steps)...
[Epoch 563] Update...
[Epoch 564] Rollout (2048 steps)...
[Epoch 564] Update...
[Epoch 565] Rollout (2048 steps)...
[Epoch 565] Update...
[Epoch 566] Rollout (2048 steps)...
[Epoch 566] Update...
[Epoch 567] Rollout (2048 steps)...
[Epoch 567] Update...
[Epoch 568] Rollout (2048 steps)...
[Epoch 568] Update...
[Epoch 569] Rollout (2048 steps)...
[Epoch 569] Update...
[Epoch 570] Rollout (2048 steps)...
[Epoch 570] Update...
Checkpoint saved to checkpoints/phase1_aut/checkpoint_epoch_570.pt
[Epoch 570] Checkpoint saved
[Epoch 571] Rollout (2048 steps)...
[Epoch 571] Update...
[Epoch 572] Rollout (2048 steps)...
[Epoch 572] Update...
[Epoch 573] Rollout (2048 steps)...
[Epoch 573] Update...
[Epoch 574] Rollout (2048 steps)...
[Epoch 574] Update...
[Epoch 575] Rollout (2048 steps)...
[Epoch 575] Update...
[Epoch 576] Rollout (2048 steps)...
[Epoch 576] Update...
[Epoch 577] Rollout (2048 steps)...
[Epoch 577] Update...
[Epoch 578] Rollout (2048 steps)...
[Epoch 578] Update...
[Epoch 579] Rollout (2048 steps)...
[Epoch 579] Update...
[Epoch 580] Rollout (2048 steps)...
[Epoch 580] Update...
Checkpoint saved to checkpoints/phase1_aut/checkpoint_epoch_580.pt
[Epoch 580] Checkpoint saved
[Epoch 581] Rollout (2048 steps)...
[Epoch 581] Update...
[Epoch 582] Rollout (2048 steps)...
[Epoch 582] Update...
[Epoch 583] Rollout (2048 steps)...
[Epoch 583] Update...
[Epoch 584] Rollout (2048 steps)...
[Epoch 584] Update...
[Epoch 585] Rollout (2048 steps)...
[Epoch 585] Update...
[Epoch 586] Rollout (2048 steps)...
[Epoch 586] Update...
[Epoch 587] Rollout (2048 steps)...
[Epoch 587] Update...
[Epoch 588] Rollout (2048 steps)...
[Epoch 588] Update...
[Epoch 589] Rollout (2048 steps)...
[Epoch 589] Update...
[Epoch 590] Rollout (2048 steps)...
[Epoch 590] Update...
Checkpoint saved to checkpoints/phase1_aut/checkpoint_epoch_590.pt
[Epoch 590] Checkpoint saved
[Epoch 591] Rollout (2048 steps)...
[Epoch 591] Update...
[Epoch 592] Rollout (2048 steps)...
[Epoch 592] Update...
[Epoch 593] Rollout (2048 steps)...
[Epoch 593] Update...
[Epoch 594] Rollout (2048 steps)...
[Epoch 594] Update...
[Epoch 595] Rollout (2048 steps)...
[Epoch 595] Update...
[Epoch 596] Rollout (2048 steps)...
[Epoch 596] Update...
[Epoch 597] Rollout (2048 steps)...
[Epoch 597] Update...
[Epoch 598] Rollout (2048 steps)...
[Epoch 598] Update...
[Epoch 599] Rollout (2048 steps)...
[Epoch 599] Update...
[Epoch 600] Rollout (2048 steps)...
[Epoch 600] Update...
[Epoch 600] Step 1230848: Avg Reward = 0.529
Checkpoint saved to checkpoints/phase1_aut/checkpoint_epoch_600.pt
[Epoch 600] Checkpoint saved
[Epoch 601] Rollout (2048 steps)...
[Epoch 601] Update...
[Epoch 602] Rollout (2048 steps)...
[Epoch 602] Update...
[Epoch 603] Rollout (2048 steps)...
[Epoch 603] Update...
[Epoch 604] Rollout (2048 steps)...
[Epoch 604] Update...
[Epoch 605] Rollout (2048 steps)...
[Epoch 605] Update...
[Epoch 606] Rollout (2048 steps)...
[Epoch 606] Update...
[Epoch 607] Rollout (2048 steps)...
[Epoch 607] Update...
[Epoch 608] Rollout (2048 steps)...
[Epoch 608] Update...
[Epoch 609] Rollout (2048 steps)...
[Epoch 609] Update...
[Epoch 610] Rollout (2048 steps)...
[Epoch 610] Update...
Checkpoint saved to checkpoints/phase1_aut/checkpoint_epoch_610.pt
[Epoch 610] Checkpoint saved
[Epoch 611] Rollout (2048 steps)...
[Epoch 611] Update...
[Epoch 612] Rollout (2048 steps)...
[Epoch 612] Update...
[Epoch 613] Rollout (2048 steps)...
[Epoch 613] Update...
[Epoch 614] Rollout (2048 steps)...
[Epoch 614] Update...
[Epoch 615] Rollout (2048 steps)...
[Epoch 615] Update...
[Epoch 616] Rollout (2048 steps)...
[Epoch 616] Update...
[Epoch 617] Rollout (2048 steps)...
[Epoch 617] Update...
[Epoch 618] Rollout (2048 steps)...
[Epoch 618] Update...
[Epoch 619] Rollout (2048 steps)...
[Epoch 619] Update...
[Epoch 620] Rollout (2048 steps)...
[Epoch 620] Update...
Checkpoint saved to checkpoints/phase1_aut/checkpoint_epoch_620.pt
[Epoch 620] Checkpoint saved
[Epoch 621] Rollout (2048 steps)...
[Epoch 621] Update...
[Epoch 622] Rollout (2048 steps)...
[Epoch 622] Update...
[Epoch 623] Rollout (2048 steps)...
[Epoch 623] Update...
[Epoch 624] Rollout (2048 steps)...
[Epoch 624] Update...
[Epoch 625] Rollout (2048 steps)...
[Epoch 625] Update...
[Epoch 626] Rollout (2048 steps)...
[Epoch 626] Update...
[Epoch 627] Rollout (2048 steps)...
[Epoch 627] Update...
[Epoch 628] Rollout (2048 steps)...
[Epoch 628] Update...
[Epoch 629] Rollout (2048 steps)...
[Epoch 629] Update...
[Epoch 630] Rollout (2048 steps)...
[Epoch 630] Update...
Checkpoint saved to checkpoints/phase1_aut/checkpoint_epoch_630.pt
[Epoch 630] Checkpoint saved
[Epoch 631] Rollout (2048 steps)...
[Epoch 631] Update...
[Epoch 632] Rollout (2048 steps)...
[Epoch 632] Update...
[Epoch 633] Rollout (2048 steps)...
[Epoch 633] Update...
[Epoch 634] Rollout (2048 steps)...
[Epoch 634] Update...
[Epoch 635] Rollout (2048 steps)...
[Epoch 635] Update...
[Epoch 636] Rollout (2048 steps)...
[Epoch 636] Update...
[Epoch 637] Rollout (2048 steps)...
[Epoch 637] Update...
[Epoch 638] Rollout (2048 steps)...
[Epoch 638] Update...
[Epoch 639] Rollout (2048 steps)...
[Epoch 639] Update...
[Epoch 640] Rollout (2048 steps)...
[Epoch 640] Update...
Checkpoint saved to checkpoints/phase1_aut/checkpoint_epoch_640.pt
[Epoch 640] Checkpoint saved
[Epoch 641] Rollout (2048 steps)...
[Epoch 641] Update...
[Epoch 642] Rollout (2048 steps)...
[Epoch 642] Update...
[Epoch 643] Rollout (2048 steps)...
[Epoch 643] Update...
[Epoch 644] Rollout (2048 steps)...
[Epoch 644] Update...
[Epoch 645] Rollout (2048 steps)...
[Epoch 645] Update...
[Epoch 646] Rollout (2048 steps)...
[Epoch 646] Update...
[Epoch 647] Rollout (2048 steps)...
[Epoch 647] Update...
[Epoch 648] Rollout (2048 steps)...
[Epoch 648] Update...
[Epoch 649] Rollout (2048 steps)...
[Epoch 649] Update...
[Epoch 650] Rollout (2048 steps)...
[Epoch 650] Update...
Checkpoint saved to checkpoints/phase1_aut/checkpoint_epoch_650.pt
[Epoch 650] Checkpoint saved
[Epoch 651] Rollout (2048 steps)...
[Epoch 651] Update...
[Epoch 652] Rollout (2048 steps)...
[Epoch 652] Update...
[Epoch 653] Rollout (2048 steps)...
[Epoch 653] Update...
[Epoch 654] Rollout (2048 steps)...
[Epoch 654] Update...
[Epoch 655] Rollout (2048 steps)...
[Epoch 655] Update...
[Epoch 656] Rollout (2048 steps)...
[Epoch 656] Update...
[Epoch 657] Rollout (2048 steps)...
[Epoch 657] Update...
[Epoch 658] Rollout (2048 steps)...
[Epoch 658] Update...
[Epoch 659] Rollout (2048 steps)...
[Epoch 659] Update...
[Epoch 660] Rollout (2048 steps)...
[Epoch 660] Update...
Checkpoint saved to checkpoints/phase1_aut/checkpoint_epoch_660.pt
[Epoch 660] Checkpoint saved
[Epoch 661] Rollout (2048 steps)...
[Epoch 661] Update...
[Epoch 662] Rollout (2048 steps)...
[Epoch 662] Update...
[Epoch 663] Rollout (2048 steps)...
[Epoch 663] Update...
[Epoch 664] Rollout (2048 steps)...
[Epoch 664] Update...
[Epoch 665] Rollout (2048 steps)...
[Epoch 665] Update...
[Epoch 666] Rollout (2048 steps)...
[Epoch 666] Update...
[Epoch 667] Rollout (2048 steps)...
[Epoch 667] Update...
[Epoch 668] Rollout (2048 steps)...
[Epoch 668] Update...
[Epoch 669] Rollout (2048 steps)...
[Epoch 669] Update...
[Epoch 670] Rollout (2048 steps)...
[Epoch 670] Update...
Checkpoint saved to checkpoints/phase1_aut/checkpoint_epoch_670.pt
[Epoch 670] Checkpoint saved
[Epoch 671] Rollout (2048 steps)...
[Epoch 671] Update...
[Epoch 672] Rollout (2048 steps)...
[Epoch 672] Update...
[Epoch 673] Rollout (2048 steps)...
[Epoch 673] Update...
[Epoch 674] Rollout (2048 steps)...
[Epoch 674] Update...
[Epoch 675] Rollout (2048 steps)...
[Epoch 675] Update...
[Epoch 676] Rollout (2048 steps)...
[Epoch 676] Update...
[Epoch 677] Rollout (2048 steps)...
[Epoch 677] Update...
[Epoch 678] Rollout (2048 steps)...
[Epoch 678] Update...
[Epoch 679] Rollout (2048 steps)...
[Epoch 679] Update...
[Epoch 680] Rollout (2048 steps)...
[Epoch 680] Update...
Checkpoint saved to checkpoints/phase1_aut/checkpoint_epoch_680.pt
[Epoch 680] Checkpoint saved
[Epoch 681] Rollout (2048 steps)...
[Epoch 681] Update...
[Epoch 682] Rollout (2048 steps)...
[Epoch 682] Update...
[Epoch 683] Rollout (2048 steps)...
[Epoch 683] Update...
[Epoch 684] Rollout (2048 steps)...
[Epoch 684] Update...
[Epoch 685] Rollout (2048 steps)...
[Epoch 685] Update...
[Epoch 686] Rollout (2048 steps)...
[Epoch 686] Update...
[Epoch 687] Rollout (2048 steps)...
[Epoch 687] Update...
[Epoch 688] Rollout (2048 steps)...
[Epoch 688] Update...
[Epoch 689] Rollout (2048 steps)...
[Epoch 689] Update...
[Epoch 690] Rollout (2048 steps)...
[Epoch 690] Update...
Checkpoint saved to checkpoints/phase1_aut/checkpoint_epoch_690.pt
[Epoch 690] Checkpoint saved
[Epoch 691] Rollout (2048 steps)...
[Epoch 691] Update...
[Epoch 692] Rollout (2048 steps)...
[Epoch 692] Update...
[Epoch 693] Rollout (2048 steps)...
[Epoch 693] Update...
[Epoch 694] Rollout (2048 steps)...
[Epoch 694] Update...
[Epoch 695] Rollout (2048 steps)...
[Epoch 695] Update...
[Epoch 696] Rollout (2048 steps)...
[Epoch 696] Update...
[Epoch 697] Rollout (2048 steps)...
[Epoch 697] Update...
[Epoch 698] Rollout (2048 steps)...
[Epoch 698] Update...
[Epoch 699] Rollout (2048 steps)...
[Epoch 699] Update...
[Epoch 700] Rollout (2048 steps)...
[Epoch 700] Update...
[Epoch 700] Step 1435648: Avg Reward = 0.764
Checkpoint saved to checkpoints/phase1_aut/checkpoint_epoch_700.pt
[Epoch 700] Checkpoint saved
[Epoch 701] Rollout (2048 steps)...
[Epoch 701] Update...
[Epoch 702] Rollout (2048 steps)...
[Epoch 702] Update...
[Epoch 703] Rollout (2048 steps)...
[Epoch 703] Update...
[Epoch 704] Rollout (2048 steps)...
[Epoch 704] Update...
[Epoch 705] Rollout (2048 steps)...
[Epoch 705] Update...
[Epoch 706] Rollout (2048 steps)...
[Epoch 706] Update...
[Epoch 707] Rollout (2048 steps)...
[Epoch 707] Update...
[Epoch 708] Rollout (2048 steps)...
[Epoch 708] Update...
[Epoch 709] Rollout (2048 steps)...
[Epoch 709] Update...
[Epoch 710] Rollout (2048 steps)...
[Epoch 710] Update...
Checkpoint saved to checkpoints/phase1_aut/checkpoint_epoch_710.pt
[Epoch 710] Checkpoint saved
[Epoch 711] Rollout (2048 steps)...
[Epoch 711] Update...
[Epoch 712] Rollout (2048 steps)...
[Epoch 712] Update...
[Epoch 713] Rollout (2048 steps)...
[Epoch 713] Update...
[Epoch 714] Rollout (2048 steps)...
[Epoch 714] Update...
[Epoch 715] Rollout (2048 steps)...
[Epoch 715] Update...
[Epoch 716] Rollout (2048 steps)...
[Epoch 716] Update...
[Epoch 717] Rollout (2048 steps)...
[Epoch 717] Update...
[Epoch 718] Rollout (2048 steps)...
[Epoch 718] Update...
[Epoch 719] Rollout (2048 steps)...
[Epoch 719] Update...
[Epoch 720] Rollout (2048 steps)...
[Epoch 720] Update...
Checkpoint saved to checkpoints/phase1_aut/checkpoint_epoch_720.pt
[Epoch 720] Checkpoint saved
[Epoch 721] Rollout (2048 steps)...
[Epoch 721] Update...
[Epoch 722] Rollout (2048 steps)...
[Epoch 722] Update...
[Epoch 723] Rollout (2048 steps)...
[Epoch 723] Update...
[Epoch 724] Rollout (2048 steps)...
[Epoch 724] Update...
[Epoch 725] Rollout (2048 steps)...
[Epoch 725] Update...
[Epoch 726] Rollout (2048 steps)...
[Epoch 726] Update...
[Epoch 727] Rollout (2048 steps)...
[Epoch 727] Update...
[Epoch 728] Rollout (2048 steps)...
[Epoch 728] Update...
[Epoch 729] Rollout (2048 steps)...
[Epoch 729] Update...
[Epoch 730] Rollout (2048 steps)...
[Epoch 730] Update...
Checkpoint saved to checkpoints/phase1_aut/checkpoint_epoch_730.pt
[Epoch 730] Checkpoint saved
[Epoch 731] Rollout (2048 steps)...
[Epoch 731] Update...
[Epoch 732] Rollout (2048 steps)...
[Epoch 732] Update...
[Epoch 733] Rollout (2048 steps)...
[Epoch 733] Update...
[Epoch 734] Rollout (2048 steps)...
[Epoch 734] Update...
[Epoch 735] Rollout (2048 steps)...
[Epoch 735] Update...
[Epoch 736] Rollout (2048 steps)...
[Epoch 736] Update...
[Epoch 737] Rollout (2048 steps)...
[Epoch 737] Update...
[Epoch 738] Rollout (2048 steps)...
[Epoch 738] Update...
[Epoch 739] Rollout (2048 steps)...
[Epoch 739] Update...
[Epoch 740] Rollout (2048 steps)...
[Epoch 740] Update...
Checkpoint saved to checkpoints/phase1_aut/checkpoint_epoch_740.pt
[Epoch 740] Checkpoint saved
[Epoch 741] Rollout (2048 steps)...
[Epoch 741] Update...
[Epoch 742] Rollout (2048 steps)...
[Epoch 742] Update...
[Epoch 743] Rollout (2048 steps)...
[Epoch 743] Update...
[Epoch 744] Rollout (2048 steps)...
[Epoch 744] Update...
[Epoch 745] Rollout (2048 steps)...
[Epoch 745] Update...
[Epoch 746] Rollout (2048 steps)...
[Epoch 746] Update...
[Epoch 747] Rollout (2048 steps)...
[Epoch 747] Update...
[Epoch 748] Rollout (2048 steps)...
[Epoch 748] Update...
[Epoch 749] Rollout (2048 steps)...
[Epoch 749] Update...
[Epoch 750] Rollout (2048 steps)...
[Epoch 750] Update...
Checkpoint saved to checkpoints/phase1_aut/checkpoint_epoch_750.pt
[Epoch 750] Checkpoint saved
[Epoch 751] Rollout (2048 steps)...
[Epoch 751] Update...
[Epoch 752] Rollout (2048 steps)...
[Epoch 752] Update...
[Epoch 753] Rollout (2048 steps)...
[Epoch 753] Update...
[Epoch 754] Rollout (2048 steps)...
[Epoch 754] Update...
[Epoch 755] Rollout (2048 steps)...
[Epoch 755] Update...
[Epoch 756] Rollout (2048 steps)...
[Epoch 756] Update...
[Epoch 757] Rollout (2048 steps)...
[Epoch 757] Update...
[Epoch 758] Rollout (2048 steps)...
[Epoch 758] Update...
[Epoch 759] Rollout (2048 steps)...
[Epoch 759] Update...
[Epoch 760] Rollout (2048 steps)...
[Epoch 760] Update...
Checkpoint saved to checkpoints/phase1_aut/checkpoint_epoch_760.pt
[Epoch 760] Checkpoint saved
[Epoch 761] Rollout (2048 steps)...
[Epoch 761] Update...
[Epoch 762] Rollout (2048 steps)...
[Epoch 762] Update...
[Epoch 763] Rollout (2048 steps)...
[Epoch 763] Update...
[Epoch 764] Rollout (2048 steps)...
[Epoch 764] Update...
[Epoch 765] Rollout (2048 steps)...
[Epoch 765] Update...
[Epoch 766] Rollout (2048 steps)...
[Epoch 766] Update...
[Epoch 767] Rollout (2048 steps)...
[Epoch 767] Update...
[Epoch 768] Rollout (2048 steps)...
[Epoch 768] Update...
[Epoch 769] Rollout (2048 steps)...
[Epoch 769] Update...
[Epoch 770] Rollout (2048 steps)...
[Epoch 770] Update...
Checkpoint saved to checkpoints/phase1_aut/checkpoint_epoch_770.pt
[Epoch 770] Checkpoint saved
[Epoch 771] Rollout (2048 steps)...
[Epoch 771] Update...
[Epoch 772] Rollout (2048 steps)...
[Epoch 772] Update...
[Epoch 773] Rollout (2048 steps)...
[Epoch 773] Update...
[Epoch 774] Rollout (2048 steps)...
[Epoch 774] Update...
[Epoch 775] Rollout (2048 steps)...
[Epoch 775] Update...
[Epoch 776] Rollout (2048 steps)...
[Epoch 776] Update...
[Epoch 777] Rollout (2048 steps)...
[Epoch 777] Update...
[Epoch 778] Rollout (2048 steps)...
[Epoch 778] Update...
[Epoch 779] Rollout (2048 steps)...
[Epoch 779] Update...
[Epoch 780] Rollout (2048 steps)...
[Epoch 780] Update...
Checkpoint saved to checkpoints/phase1_aut/checkpoint_epoch_780.pt
[Epoch 780] Checkpoint saved
[Epoch 781] Rollout (2048 steps)...
[Epoch 781] Update...
[Epoch 782] Rollout (2048 steps)...
[Epoch 782] Update...
[Epoch 783] Rollout (2048 steps)...
[Epoch 783] Update...
[Epoch 784] Rollout (2048 steps)...
[Epoch 784] Update...
[Epoch 785] Rollout (2048 steps)...
[Epoch 785] Update...
[Epoch 786] Rollout (2048 steps)...
[Epoch 786] Update...
[Epoch 787] Rollout (2048 steps)...
[Epoch 787] Update...
[Epoch 788] Rollout (2048 steps)...
[Epoch 788] Update...
[Epoch 789] Rollout (2048 steps)...
[Epoch 789] Update...
[Epoch 790] Rollout (2048 steps)...
[Epoch 790] Update...
Checkpoint saved to checkpoints/phase1_aut/checkpoint_epoch_790.pt
[Epoch 790] Checkpoint saved
[Epoch 791] Rollout (2048 steps)...
[Epoch 791] Update...
[Epoch 792] Rollout (2048 steps)...
[Epoch 792] Update...
[Epoch 793] Rollout (2048 steps)...
[Epoch 793] Update...
[Epoch 794] Rollout (2048 steps)...
[Epoch 794] Update...
[Epoch 795] Rollout (2048 steps)...
[Epoch 795] Update...
[Epoch 796] Rollout (2048 steps)...
[Epoch 796] Update...
[Epoch 797] Rollout (2048 steps)...
[Epoch 797] Update...
[Epoch 798] Rollout (2048 steps)...
[Epoch 798] Update...
[Epoch 799] Rollout (2048 steps)...
[Epoch 799] Update...
[Epoch 800] Rollout (2048 steps)...
[Epoch 800] Update...
[Epoch 800] Step 1640448: Avg Reward = 0.914
Checkpoint saved to checkpoints/phase1_aut/checkpoint_epoch_800.pt
[Epoch 800] Checkpoint saved
[Epoch 801] Rollout (2048 steps)...
[Epoch 801] Update...
[Epoch 802] Rollout (2048 steps)...
[Epoch 802] Update...
[Epoch 803] Rollout (2048 steps)...
[Epoch 803] Update...
[Epoch 804] Rollout (2048 steps)...
[Epoch 804] Update...
[Epoch 805] Rollout (2048 steps)...
[Epoch 805] Update...
[Epoch 806] Rollout (2048 steps)...
[Epoch 806] Update...
[Epoch 807] Rollout (2048 steps)...
[Epoch 807] Update...
[Epoch 808] Rollout (2048 steps)...
[Epoch 808] Update...
[Epoch 809] Rollout (2048 steps)...
[Epoch 809] Update...
[Epoch 810] Rollout (2048 steps)...
[Epoch 810] Update...
Checkpoint saved to checkpoints/phase1_aut/checkpoint_epoch_810.pt
[Epoch 810] Checkpoint saved
[Epoch 811] Rollout (2048 steps)...
[Epoch 811] Update...
[Epoch 812] Rollout (2048 steps)...
[Epoch 812] Update...
[Epoch 813] Rollout (2048 steps)...
[Epoch 813] Update...
[Epoch 814] Rollout (2048 steps)...
[Epoch 814] Update...
[Epoch 815] Rollout (2048 steps)...
[Epoch 815] Update...
[Epoch 816] Rollout (2048 steps)...
[Epoch 816] Update...
[Epoch 817] Rollout (2048 steps)...
[Epoch 817] Update...
[Epoch 818] Rollout (2048 steps)...
[Epoch 818] Update...
[Epoch 819] Rollout (2048 steps)...
[Epoch 819] Update...
[Epoch 820] Rollout (2048 steps)...
[Epoch 820] Update...
Checkpoint saved to checkpoints/phase1_aut/checkpoint_epoch_820.pt
[Epoch 820] Checkpoint saved
[Epoch 821] Rollout (2048 steps)...
[Epoch 821] Update...
[Epoch 822] Rollout (2048 steps)...
[Epoch 822] Update...
[Epoch 823] Rollout (2048 steps)...
[Epoch 823] Update...
[Epoch 824] Rollout (2048 steps)...
[Epoch 824] Update...
[Epoch 825] Rollout (2048 steps)...
[Epoch 825] Update...
[Epoch 826] Rollout (2048 steps)...
[Epoch 826] Update...
[Epoch 827] Rollout (2048 steps)...
[Epoch 827] Update...
[Epoch 828] Rollout (2048 steps)...
[Epoch 828] Update...
[Epoch 829] Rollout (2048 steps)...
[Epoch 829] Update...
[Epoch 830] Rollout (2048 steps)...
[Epoch 830] Update...
Checkpoint saved to checkpoints/phase1_aut/checkpoint_epoch_830.pt
[Epoch 830] Checkpoint saved
[Epoch 831] Rollout (2048 steps)...
[Epoch 831] Update...
[Epoch 832] Rollout (2048 steps)...
[Epoch 832] Update...
[Epoch 833] Rollout (2048 steps)...
[Epoch 833] Update...
[Epoch 834] Rollout (2048 steps)...
[Epoch 834] Update...
[Epoch 835] Rollout (2048 steps)...
[Epoch 835] Update...
[Epoch 836] Rollout (2048 steps)...
[Epoch 836] Update...
[Epoch 837] Rollout (2048 steps)...
[Epoch 837] Update...
[Epoch 838] Rollout (2048 steps)...
[Epoch 838] Update...
[Epoch 839] Rollout (2048 steps)...
[Epoch 839] Update...
[Epoch 840] Rollout (2048 steps)...
[Epoch 840] Update...
Checkpoint saved to checkpoints/phase1_aut/checkpoint_epoch_840.pt
[Epoch 840] Checkpoint saved
[Epoch 841] Rollout (2048 steps)...
[Epoch 841] Update...
[Epoch 842] Rollout (2048 steps)...
[Epoch 842] Update...
[Epoch 843] Rollout (2048 steps)...
[Epoch 843] Update...
[Epoch 844] Rollout (2048 steps)...
[Epoch 844] Update...
[Epoch 845] Rollout (2048 steps)...
[Epoch 845] Update...
[Epoch 846] Rollout (2048 steps)...
[Epoch 846] Update...
[Epoch 847] Rollout (2048 steps)...
[Epoch 847] Update...
[Epoch 848] Rollout (2048 steps)...
[Epoch 848] Update...
[Epoch 849] Rollout (2048 steps)...
[Epoch 849] Update...
[Epoch 850] Rollout (2048 steps)...
[Epoch 850] Update...
Checkpoint saved to checkpoints/phase1_aut/checkpoint_epoch_850.pt
[Epoch 850] Checkpoint saved
[Epoch 851] Rollout (2048 steps)...
[Epoch 851] Update...
[Epoch 852] Rollout (2048 steps)...
[Epoch 852] Update...
[Epoch 853] Rollout (2048 steps)...
[Epoch 853] Update...
[Epoch 854] Rollout (2048 steps)...
[Epoch 854] Update...
[Epoch 855] Rollout (2048 steps)...
[Epoch 855] Update...
[Epoch 856] Rollout (2048 steps)...
[Epoch 856] Update...
[Epoch 857] Rollout (2048 steps)...
[Epoch 857] Update...
[Epoch 858] Rollout (2048 steps)...
[Epoch 858] Update...
[Epoch 859] Rollout (2048 steps)...
[Epoch 859] Update...
[Epoch 860] Rollout (2048 steps)...
[Epoch 860] Update...
Checkpoint saved to checkpoints/phase1_aut/checkpoint_epoch_860.pt
[Epoch 860] Checkpoint saved
[Epoch 861] Rollout (2048 steps)...
[Epoch 861] Update...
[Epoch 862] Rollout (2048 steps)...
[Epoch 862] Update...
[Epoch 863] Rollout (2048 steps)...
[Epoch 863] Update...
[Epoch 864] Rollout (2048 steps)...
[Epoch 864] Update...
[Epoch 865] Rollout (2048 steps)...
[Epoch 865] Update...
[Epoch 866] Rollout (2048 steps)...
[Epoch 866] Update...
[Epoch 867] Rollout (2048 steps)...
[Epoch 867] Update...
[Epoch 868] Rollout (2048 steps)...
[Epoch 868] Update...
[Epoch 869] Rollout (2048 steps)...
[Epoch 869] Update...
[Epoch 870] Rollout (2048 steps)...
[Epoch 870] Update...
Checkpoint saved to checkpoints/phase1_aut/checkpoint_epoch_870.pt
[Epoch 870] Checkpoint saved
[Epoch 871] Rollout (2048 steps)...
[Epoch 871] Update...
[Epoch 872] Rollout (2048 steps)...
[Epoch 872] Update...
[Epoch 873] Rollout (2048 steps)...
[Epoch 873] Update...
[Epoch 874] Rollout (2048 steps)...
[Epoch 874] Update...
[Epoch 875] Rollout (2048 steps)...
[Epoch 875] Update...
[Epoch 876] Rollout (2048 steps)...
[Epoch 876] Update...
[Epoch 877] Rollout (2048 steps)...
[Epoch 877] Update...
[Epoch 878] Rollout (2048 steps)...
[Epoch 878] Update...
[Epoch 879] Rollout (2048 steps)...
[Epoch 879] Update...
[Epoch 880] Rollout (2048 steps)...
[Epoch 880] Update...
Checkpoint saved to checkpoints/phase1_aut/checkpoint_epoch_880.pt
[Epoch 880] Checkpoint saved
[Epoch 881] Rollout (2048 steps)...
[Epoch 881] Update...
[Epoch 882] Rollout (2048 steps)...
[Epoch 882] Update...
[Epoch 883] Rollout (2048 steps)...
[Epoch 883] Update...
[Epoch 884] Rollout (2048 steps)...
[Epoch 884] Update...
[Epoch 885] Rollout (2048 steps)...
[Epoch 885] Update...
[Epoch 886] Rollout (2048 steps)...
[Epoch 886] Update...
[Epoch 887] Rollout (2048 steps)...
[Epoch 887] Update...
[Epoch 888] Rollout (2048 steps)...
[Epoch 888] Update...
[Epoch 889] Rollout (2048 steps)...
[Epoch 889] Update...
[Epoch 890] Rollout (2048 steps)...
[Epoch 890] Update...
Checkpoint saved to checkpoints/phase1_aut/checkpoint_epoch_890.pt
[Epoch 890] Checkpoint saved
[Epoch 891] Rollout (2048 steps)...
[Epoch 891] Update...
[Epoch 892] Rollout (2048 steps)...
[Epoch 892] Update...
[Epoch 893] Rollout (2048 steps)...
[Epoch 893] Update...
[Epoch 894] Rollout (2048 steps)...
[Epoch 894] Update...
[Epoch 895] Rollout (2048 steps)...
[Epoch 895] Update...
[Epoch 896] Rollout (2048 steps)...
[Epoch 896] Update...
[Epoch 897] Rollout (2048 steps)...
[Epoch 897] Update...
[Epoch 898] Rollout (2048 steps)...
[Epoch 898] Update...
[Epoch 899] Rollout (2048 steps)...
[Epoch 899] Update...
[Epoch 900] Rollout (2048 steps)...
[Epoch 900] Update...
[Epoch 900] Step 1845248: Avg Reward = 0.909
Checkpoint saved to checkpoints/phase1_aut/checkpoint_epoch_900.pt
[Epoch 900] Checkpoint saved
[Epoch 901] Rollout (2048 steps)...
[Epoch 901] Update...
[Epoch 902] Rollout (2048 steps)...
[Epoch 902] Update...
[Epoch 903] Rollout (2048 steps)...
[Epoch 903] Update...
[Epoch 904] Rollout (2048 steps)...
[Epoch 904] Update...
[Epoch 905] Rollout (2048 steps)...
[Epoch 905] Update...
[Epoch 906] Rollout (2048 steps)...
[Epoch 906] Update...
[Epoch 907] Rollout (2048 steps)...
[Epoch 907] Update...
[Epoch 908] Rollout (2048 steps)...
[Epoch 908] Update...
[Epoch 909] Rollout (2048 steps)...
[Epoch 909] Update...
[Epoch 910] Rollout (2048 steps)...
[Epoch 910] Update...
Checkpoint saved to checkpoints/phase1_aut/checkpoint_epoch_910.pt
[Epoch 910] Checkpoint saved
[Epoch 911] Rollout (2048 steps)...
[Epoch 911] Update...
[Epoch 912] Rollout (2048 steps)...
[Epoch 912] Update...
[Epoch 913] Rollout (2048 steps)...
[Epoch 913] Update...
[Epoch 914] Rollout (2048 steps)...
[Epoch 914] Update...
[Epoch 915] Rollout (2048 steps)...
[Epoch 915] Update...
[Epoch 916] Rollout (2048 steps)...
[Epoch 916] Update...
[Epoch 917] Rollout (2048 steps)...
[Epoch 917] Update...
[Epoch 918] Rollout (2048 steps)...
[Epoch 918] Update...
[Epoch 919] Rollout (2048 steps)...
[Epoch 919] Update...
[Epoch 920] Rollout (2048 steps)...
[Epoch 920] Update...
Checkpoint saved to checkpoints/phase1_aut/checkpoint_epoch_920.pt
[Epoch 920] Checkpoint saved
[Epoch 921] Rollout (2048 steps)...
[Epoch 921] Update...
[Epoch 922] Rollout (2048 steps)...
[Epoch 922] Update...
[Epoch 923] Rollout (2048 steps)...
[Epoch 923] Update...
[Epoch 924] Rollout (2048 steps)...
[Epoch 924] Update...
[Epoch 925] Rollout (2048 steps)...
[Epoch 925] Update...
[Epoch 926] Rollout (2048 steps)...
[Epoch 926] Update...
[Epoch 927] Rollout (2048 steps)...
[Epoch 927] Update...
[Epoch 928] Rollout (2048 steps)...
[Epoch 928] Update...
[Epoch 929] Rollout (2048 steps)...
[Epoch 929] Update...
[Epoch 930] Rollout (2048 steps)...
[Epoch 930] Update...
Checkpoint saved to checkpoints/phase1_aut/checkpoint_epoch_930.pt
[Epoch 930] Checkpoint saved
[Epoch 931] Rollout (2048 steps)...
[Epoch 931] Update...
[Epoch 932] Rollout (2048 steps)...
[Epoch 932] Update...
[Epoch 933] Rollout (2048 steps)...
[Epoch 933] Update...
[Epoch 934] Rollout (2048 steps)...
[Epoch 934] Update...
[Epoch 935] Rollout (2048 steps)...
[Epoch 935] Update...
[Epoch 936] Rollout (2048 steps)...
[Epoch 936] Update...
[Epoch 937] Rollout (2048 steps)...
[Epoch 937] Update...
[Epoch 938] Rollout (2048 steps)...
[Epoch 938] Update...
[Epoch 939] Rollout (2048 steps)...
[Epoch 939] Update...
[Epoch 940] Rollout (2048 steps)...
[Epoch 940] Update...
Checkpoint saved to checkpoints/phase1_aut/checkpoint_epoch_940.pt
[Epoch 940] Checkpoint saved
[Epoch 941] Rollout (2048 steps)...
[Epoch 941] Update...
[Epoch 942] Rollout (2048 steps)...
[Epoch 942] Update...
[Epoch 943] Rollout (2048 steps)...
[Epoch 943] Update...
[Epoch 944] Rollout (2048 steps)...
[Epoch 944] Update...
[Epoch 945] Rollout (2048 steps)...
[Epoch 945] Update...
[Epoch 946] Rollout (2048 steps)...
[Epoch 946] Update...
[Epoch 947] Rollout (2048 steps)...
[Epoch 947] Update...
[Epoch 948] Rollout (2048 steps)...
[Epoch 948] Update...
[Epoch 949] Rollout (2048 steps)...
[Epoch 949] Update...
[Epoch 950] Rollout (2048 steps)...
[Epoch 950] Update...
Checkpoint saved to checkpoints/phase1_aut/checkpoint_epoch_950.pt
[Epoch 950] Checkpoint saved
[Epoch 951] Rollout (2048 steps)...
[Epoch 951] Update...
[Epoch 952] Rollout (2048 steps)...
[Epoch 952] Update...
[Epoch 953] Rollout (2048 steps)...
[Epoch 953] Update...
[Epoch 954] Rollout (2048 steps)...
[Epoch 954] Update...
[Epoch 955] Rollout (2048 steps)...
[Epoch 955] Update...
[Epoch 956] Rollout (2048 steps)...
[Epoch 956] Update...
[Epoch 957] Rollout (2048 steps)...
[Epoch 957] Update...
[Epoch 958] Rollout (2048 steps)...
[Epoch 958] Update...
[Epoch 959] Rollout (2048 steps)...
[Epoch 959] Update...
[Epoch 960] Rollout (2048 steps)...
[Epoch 960] Update...
Checkpoint saved to checkpoints/phase1_aut/checkpoint_epoch_960.pt
[Epoch 960] Checkpoint saved
[Epoch 961] Rollout (2048 steps)...
[Epoch 961] Update...
[Epoch 962] Rollout (2048 steps)...
[Epoch 962] Update...
[Epoch 963] Rollout (2048 steps)...
[Epoch 963] Update...
[Epoch 964] Rollout (2048 steps)...
[Epoch 964] Update...
[Epoch 965] Rollout (2048 steps)...
[Epoch 965] Update...
[Epoch 966] Rollout (2048 steps)...
[Epoch 966] Update...
[Epoch 967] Rollout (2048 steps)...
[Epoch 967] Update...
[Epoch 968] Rollout (2048 steps)...
[Epoch 968] Update...
[Epoch 969] Rollout (2048 steps)...
[Epoch 969] Update...
[Epoch 970] Rollout (2048 steps)...
[Epoch 970] Update...
Checkpoint saved to checkpoints/phase1_aut/checkpoint_epoch_970.pt
[Epoch 970] Checkpoint saved
[Epoch 971] Rollout (2048 steps)...
[Epoch 971] Update...
[Epoch 972] Rollout (2048 steps)...
[Epoch 972] Update...
[Epoch 973] Rollout (2048 steps)...
[Epoch 973] Update...
[Epoch 974] Rollout (2048 steps)...
[Epoch 974] Update...
[Epoch 975] Rollout (2048 steps)...
[Epoch 975] Update...
[Epoch 976] Rollout (2048 steps)...
[Epoch 976] Update...
[Training Complete] Phase 1 training finished
Checkpoint saved to checkpoints/phase1_aut/final.pt
