/research_ws/install/f1tenth_research/lib/python3.8/site-packages/f1tenth_research/__init__.py
/research_ws/install/f1tenth_research/lib/python3.8/site-packages/f1tenth_research/teleop_node.py
/research_ws/install/f1tenth_research/lib/python3.8/site-packages/f1tenth_research/pure_pursuit.py
/research_ws/install/f1tenth_research/lib/python3.8/site-packages/f1tenth_research/recorder_node.py
/research_ws/install/f1tenth_research/lib/python3.8/site-packages/f1tenth_research/il_driver.py
/research_ws/install/f1tenth_research/lib/python3.8/site-packages/f1tenth_research/__pycache__/__init__.cpython-38.pyc
/research_ws/install/f1tenth_research/lib/python3.8/site-packages/f1tenth_research/__pycache__/teleop_node.cpython-38.pyc
/research_ws/install/f1tenth_research/lib/python3.8/site-packages/f1tenth_research/__pycache__/pure_pursuit.cpython-38.pyc
/research_ws/install/f1tenth_research/lib/python3.8/site-packages/f1tenth_research/__pycache__/recorder_node.cpython-38.pyc
/research_ws/install/f1tenth_research/lib/python3.8/site-packages/f1tenth_research/__pycache__/il_driver.cpython-38.pyc
/research_ws/install/f1tenth_research/share/ament_index/resource_index/packages/f1tenth_research
/research_ws/install/f1tenth_research/share/f1tenth_research/package.xml
/research_ws/install/f1tenth_research/lib/python3.8/site-packages/f1tenth_research-0.0.0-py3.8.egg-info/PKG-INFO
/research_ws/install/f1tenth_research/lib/python3.8/site-packages/f1tenth_research-0.0.0-py3.8.egg-info/dependency_links.txt
/research_ws/install/f1tenth_research/lib/python3.8/site-packages/f1tenth_research-0.0.0-py3.8.egg-info/requires.txt
/research_ws/install/f1tenth_research/lib/python3.8/site-packages/f1tenth_research-0.0.0-py3.8.egg-info/top_level.txt
/research_ws/install/f1tenth_research/lib/python3.8/site-packages/f1tenth_research-0.0.0-py3.8.egg-info/entry_points.txt
/research_ws/install/f1tenth_research/lib/python3.8/site-packages/f1tenth_research-0.0.0-py3.8.egg-info/SOURCES.txt
/research_ws/install/f1tenth_research/lib/python3.8/site-packages/f1tenth_research-0.0.0-py3.8.egg-info/zip-safe
/research_ws/install/f1tenth_research/lib/f1tenth_research/il_driver
/research_ws/install/f1tenth_research/lib/f1tenth_research/pure_pursuit
/research_ws/install/f1tenth_research/lib/f1tenth_research/recorder
/research_ws/install/f1tenth_research/lib/f1tenth_research/teleop
