[0.872s] Invoking command in '/research_ws/src/f1tenth_research': PYTHONPATH=/research_ws/build/f1tenth_research/prefix_override:/research_ws/install/f1tenth_research/lib/python3.8/site-packages:${PYTHONPATH} /usr/bin/python3 setup.py egg_info --egg-base ../../build/f1tenth_research build --build-base /research_ws/build/f1tenth_research/build install --record /research_ws/build/f1tenth_research/install.log --install-scripts $base/lib/f1tenth_research --single-version-externally-managed
[1.127s] running egg_info
[1.127s] writing ../../build/f1tenth_research/f1tenth_research.egg-info/PKG-INFO
[1.127s] writing dependency_links to ../../build/f1tenth_research/f1tenth_research.egg-info/dependency_links.txt
[1.127s] writing entry points to ../../build/f1tenth_research/f1tenth_research.egg-info/entry_points.txt
[1.127s] writing requirements to ../../build/f1tenth_research/f1tenth_research.egg-info/requires.txt
[1.127s] writing top-level names to ../../build/f1tenth_research/f1tenth_research.egg-info/top_level.txt
[1.178s] reading manifest file '../../build/f1tenth_research/f1tenth_research.egg-info/SOURCES.txt'
[1.180s] writing manifest file '../../build/f1tenth_research/f1tenth_research.egg-info/SOURCES.txt'
[1.180s] running build
[1.180s] running build_py
[1.181s] copying f1tenth_research/teleop_node.py -> /research_ws/build/f1tenth_research/build/lib/f1tenth_research
[1.181s] running install
[1.181s] running install_lib
[1.183s] copying /research_ws/build/f1tenth_research/build/lib/f1tenth_research/teleop_node.py -> /research_ws/install/f1tenth_research/lib/python3.8/site-packages/f1tenth_research
[1.185s] byte-compiling /research_ws/install/f1tenth_research/lib/python3.8/site-packages/f1tenth_research/teleop_node.py to teleop_node.cpython-38.pyc
[1.191s] running install_data
[1.191s] running install_egg_info
[1.195s] removing '/research_ws/install/f1tenth_research/lib/python3.8/site-packages/f1tenth_research-0.0.0-py3.8.egg-info' (and everything under it)
[1.197s] Copying ../../build/f1tenth_research/f1tenth_research.egg-info to /research_ws/install/f1tenth_research/lib/python3.8/site-packages/f1tenth_research-0.0.0-py3.8.egg-info
[1.202s] running install_scripts
[1.224s] Installing teleop script to /research_ws/install/f1tenth_research/lib/f1tenth_research
[1.225s] writing list of installed files to '/research_ws/build/f1tenth_research/install.log'
[1.281s] Invoked command in '/research_ws/src/f1tenth_research' returned '0': PYTHONPATH=/research_ws/build/f1tenth_research/prefix_override:/research_ws/install/f1tenth_research/lib/python3.8/site-packages:${PYTHONPATH} /usr/bin/python3 setup.py egg_info --egg-base ../../build/f1tenth_research build --build-base /research_ws/build/f1tenth_research/build install --record /research_ws/build/f1tenth_research/install.log --install-scripts $base/lib/f1tenth_research --single-version-externally-managed
