running egg_info
writing ../../build/f1tenth_research/f1tenth_research.egg-info/PKG-INFO
writing dependency_links to ../../build/f1tenth_research/f1tenth_research.egg-info/dependency_links.txt
writing entry points to ../../build/f1tenth_research/f1tenth_research.egg-info/entry_points.txt
writing requirements to ../../build/f1tenth_research/f1tenth_research.egg-info/requires.txt
writing top-level names to ../../build/f1tenth_research/f1tenth_research.egg-info/top_level.txt
reading manifest file '../../build/f1tenth_research/f1tenth_research.egg-info/SOURCES.txt'
writing manifest file '../../build/f1tenth_research/f1tenth_research.egg-info/SOURCES.txt'
running build
running build_py
running install
running install_lib
running install_data
copying package.xml -> /research_ws/install/f1tenth_research/share/f1tenth_research
creating /research_ws/install/f1tenth_research/share/f1tenth_research/launch
copying launch/sim_with_controls_novnc.launch.py -> /research_ws/install/f1tenth_research/share/f1tenth_research/launch
running install_egg_info
removing '/research_ws/install/f1tenth_research/lib/python3.8/site-packages/f1tenth_research-0.0.0-py3.8.egg-info' (and everything under it)
Copying ../../build/f1tenth_research/f1tenth_research.egg-info to /research_ws/install/f1tenth_research/lib/python3.8/site-packages/f1tenth_research-0.0.0-py3.8.egg-info
running install_scripts
Installing teleop script to /research_ws/install/f1tenth_research/lib/f1tenth_research
writing list of installed files to '/research_ws/build/f1tenth_research/install.log'
