[1.079s] Invoking command in '/research_ws/src/f1tenth_research': PYTHONPATH=/research_ws/build/f1tenth_research/prefix_override:/research_ws/install/f1tenth_research/lib/python3.8/site-packages:${PYTHONPATH} /usr/bin/python3 setup.py egg_info --egg-base ../../build/f1tenth_research build --build-base /research_ws/build/f1tenth_research/build install --record /research_ws/build/f1tenth_research/install.log --install-scripts $base/lib/f1tenth_research --single-version-externally-managed
[1.392s] running egg_info
[1.393s] writing ../../build/f1tenth_research/f1tenth_research.egg-info/PKG-INFO
[1.395s] writing dependency_links to ../../build/f1tenth_research/f1tenth_research.egg-info/dependency_links.txt
[1.395s] writing entry points to ../../build/f1tenth_research/f1tenth_research.egg-info/entry_points.txt
[1.395s] writing requirements to ../../build/f1tenth_research/f1tenth_research.egg-info/requires.txt
[1.395s] writing top-level names to ../../build/f1tenth_research/f1tenth_research.egg-info/top_level.txt
[1.445s] reading manifest file '../../build/f1tenth_research/f1tenth_research.egg-info/SOURCES.txt'
[1.448s] writing manifest file '../../build/f1tenth_research/f1tenth_research.egg-info/SOURCES.txt'
[1.448s] running build
[1.448s] running build_py
[1.449s] running install
[1.449s] running install_lib
[1.453s] running install_data
[1.454s] copying package.xml -> /research_ws/install/f1tenth_research/share/f1tenth_research
[1.454s] creating /research_ws/install/f1tenth_research/share/f1tenth_research/launch
[1.454s] copying launch/sim_with_controls_novnc.launch.py -> /research_ws/install/f1tenth_research/share/f1tenth_research/launch
[1.454s] running install_egg_info
[1.458s] removing '/research_ws/install/f1tenth_research/lib/python3.8/site-packages/f1tenth_research-0.0.0-py3.8.egg-info' (and everything under it)
[1.460s] Copying ../../build/f1tenth_research/f1tenth_research.egg-info to /research_ws/install/f1tenth_research/lib/python3.8/site-packages/f1tenth_research-0.0.0-py3.8.egg-info
[1.461s] running install_scripts
[1.493s] Installing teleop script to /research_ws/install/f1tenth_research/lib/f1tenth_research
[1.494s] writing list of installed files to '/research_ws/build/f1tenth_research/install.log'
[1.544s] Invoked command in '/research_ws/src/f1tenth_research' returned '0': PYTHONPATH=/research_ws/build/f1tenth_research/prefix_override:/research_ws/install/f1tenth_research/lib/python3.8/site-packages:${PYTHONPATH} /usr/bin/python3 setup.py egg_info --egg-base ../../build/f1tenth_research build --build-base /research_ws/build/f1tenth_research/build install --record /research_ws/build/f1tenth_research/install.log --install-scripts $base/lib/f1tenth_research --single-version-externally-managed
